{"D:\\Workspace\\vigil\\frontend\\src\\components\\Common\\ConnectionStatus.tsx": {"path":"D:\\Workspace\\vigil\\frontend\\src\\components\\Common\\ConnectionStatus.tsx","statementMap":{"0":{"start":{"line":4,"column":17},"end":{"line":4,"column":null}},"1":{"start":{"line":6,"column":23},"end":{"line":22,"column":null}},"2":{"start":{"line":24,"column":17},"end":{"line":24,"column":null}},"3":{"start":{"line":26,"column":2},"end":{"line":34,"column":null}}},"fnMap":{"0":{"name":"ConnectionStatus","decl":{"start":{"line":3,"column":24},"end":{"line":3,"column":43}},"loc":{"start":{"line":3,"column":43},"end":{"line":36,"column":null}},"line":3}},"branchMap":{},"s":{"0":38,"1":38,"2":38,"3":38},"f":{"0":38},"b":{},"meta":{"lastBranch":0,"lastFunction":1,"lastStatement":4,"seen":{"f:3:24:3:43":0,"s:4:17:4:Infinity":0,"s:6:23:22:Infinity":1,"s:24:17:24:Infinity":2,"s:26:2:34:Infinity":3}}}
,"D:\\Workspace\\vigil\\frontend\\src\\components\\Common\\ToastContainer.tsx": {"path":"D:\\Workspace\\vigil\\frontend\\src\\components\\Common\\ToastContainer.tsx","statementMap":{"0":{"start":{"line":4,"column":30},"end":{"line":4,"column":null}},"1":{"start":{"line":6,"column":21},"end":{"line":23,"column":null}},"2":{"start":{"line":25,"column":2},"end":{"line":51,"column":null}},"3":{"start":{"line":28,"column":23},"end":{"line":28,"column":null}},"4":{"start":{"line":29,"column":8},"end":{"line":48,"column":null}},"5":{"start":{"line":41,"column":31},"end":{"line":41,"column":null}}},"fnMap":{"0":{"name":"ToastContainer","decl":{"start":{"line":3,"column":24},"end":{"line":3,"column":41}},"loc":{"start":{"line":3,"column":41},"end":{"line":53,"column":null}},"line":3},"1":{"name":"(anonymous_1)","decl":{"start":{"line":27,"column":18},"end":{"line":27,"column":19}},"loc":{"start":{"line":27,"column":29},"end":{"line":50,"column":7}},"line":27},"2":{"name":"(anonymous_2)","decl":{"start":{"line":41,"column":25},"end":{"line":41,"column":31}},"loc":{"start":{"line":41,"column":31},"end":{"line":41,"column":null}},"line":41}},"branchMap":{},"s":{"0":24,"1":24,"2":24,"3":26,"4":26,"5":2},"f":{"0":24,"1":26,"2":2},"b":{},"meta":{"lastBranch":0,"lastFunction":3,"lastStatement":6,"seen":{"f:3:24:3:41":0,"s:4:30:4:Infinity":0,"s:6:21:23:Infinity":1,"s:25:2:51:Infinity":2,"f:27:18:27:19":1,"s:28:23:28:Infinity":3,"s:29:8:48:Infinity":4,"f:41:25:41:31":2,"s:41:31:41:Infinity":5}}}
,"D:\\Workspace\\vigil\\frontend\\src\\components\\Dashboard\\StatusCard.tsx": {"path":"D:\\Workspace\\vigil\\frontend\\src\\components\\Dashboard\\StatusCard.tsx","statementMap":{"0":{"start":{"line":10,"column":20},"end":{"line":15,"column":null}},"1":{"start":{"line":17,"column":24},"end":{"line":22,"column":null}},"2":{"start":{"line":24,"column":24},"end":{"line":28,"column":null}},"3":{"start":{"line":38,"column":20},"end":{"line":38,"column":null}},"4":{"start":{"line":40,"column":2},"end":{"line":57,"column":null}}},"fnMap":{"0":{"name":"StatusCard","decl":{"start":{"line":30,"column":24},"end":{"line":30,"column":35}},"loc":{"start":{"line":37,"column":20},"end":{"line":59,"column":null}},"line":37}},"branchMap":{"0":{"loc":{"start":{"line":35,"column":2},"end":{"line":35,"column":null}},"type":"default-arg","locations":[{"start":{"line":35,"column":10},"end":{"line":35,"column":null}}],"line":35},"1":{"loc":{"start":{"line":36,"column":2},"end":{"line":36,"column":null}},"type":"default-arg","locations":[{"start":{"line":36,"column":10},"end":{"line":36,"column":null}}],"line":36},"2":{"loc":{"start":{"line":47,"column":13},"end":{"line":47,"column":null}},"type":"binary-expr","locations":[{"start":{"line":47,"column":13},"end":{"line":47,"column":21}},{"start":{"line":47,"column":21},"end":{"line":47,"column":null}}],"line":47},"3":{"loc":{"start":{"line":50,"column":9},"end":{"line":50,"column":null}},"type":"binary-expr","locations":[{"start":{"line":50,"column":9},"end":{"line":50,"column":17}},{"start":{"line":50,"column":17},"end":{"line":50,"column":null}}],"line":50},"4":{"loc":{"start":{"line":52,"column":7},"end":{"line":55,"column":null}},"type":"binary-expr","locations":[{"start":{"line":52,"column":7},"end":{"line":52,"column":null}},{"start":{"line":53,"column":8},"end":{"line":55,"column":null}}],"line":52}},"s":{"0":1,"1":1,"2":1,"3":33,"4":33},"f":{"0":33},"b":{"0":[33],"1":[33],"2":[33,6],"3":[33,3],"4":[33,33]},"meta":{"lastBranch":5,"lastFunction":1,"lastStatement":5,"seen":{"s:10:20:15:Infinity":0,"s:17:24:22:Infinity":1,"s:24:24:28:Infinity":2,"f:30:24:30:35":0,"b:35:10:35:Infinity":0,"b:36:10:36:Infinity":1,"s:38:20:38:Infinity":3,"s:40:2:57:Infinity":4,"b:47:13:47:21:47:21:47:Infinity":2,"b:50:9:50:17:50:17:50:Infinity":3,"b:52:7:52:Infinity:53:8:55:Infinity":4}}}
}
