{"D:\\Workspace\\vigil\\backend\\src\\app.controller.ts": {"path":"D:\\Workspace\\vigil\\backend\\src\\app.controller.ts","statementMap":{"0":{"start":{"line":1,"column":0},"end":{"line":1,"column":49}},"1":{"start":{"line":2,"column":0},"end":{"line":2,"column":43}},"2":{"start":{"line":5,"column":7},"end":{"line":12,"column":null}},"3":{"start":{"line":6,"column":31},"end":{"line":6,"column":43}},"4":{"start":{"line":10,"column":4},"end":{"line":10,"column":38}},"5":{"start":{"line":5,"column":13},"end":{"line":5,"column":26}},"6":{"start":{"line":9,"column":2},"end":{"line":11,"column":null}},"7":{"start":{"line":5,"column":13},"end":{"line":12,"column":null}}},"fnMap":{"0":{"name":"(anonymous_2)","decl":{"start":{"line":6,"column":2},"end":{"line":6,"column":31}},"loc":{"start":{"line":6,"column":53},"end":{"line":6,"column":57}}},"1":{"name":"(anonymous_3)","decl":{"start":{"line":9,"column":2},"end":{"line":9,"column":10}},"loc":{"start":{"line":9,"column":10},"end":{"line":11,"column":3}}}},"branchMap":{"0":{"loc":{"start":{"line":6,"column":43},"end":{"line":6,"column":56}},"type":"cond-expr","locations":[{"start":{"line":6,"column":53},"end":{"line":6,"column":56}},{"start":{"line":6,"column":53},"end":{"line":6,"column":56}}]},"1":{"loc":{"start":{"line":6,"column":43},"end":{"line":6,"column":53}},"type":"binary-expr","locations":[{"start":{"line":6,"column":43},"end":{"line":6,"column":56}},{"start":{"line":6,"column":43},"end":{"line":6,"column":53}}]}},"s":{"0":1,"1":1,"2":1,"3":1,"4":1,"5":1,"6":1,"7":1},"f":{"0":1,"1":1},"b":{"0":[1,0],"1":[1,1]}}
,"D:\\Workspace\\vigil\\backend\\src\\app.module.ts": {"path":"D:\\Workspace\\vigil\\backend\\src\\app.module.ts","statementMap":{"0":{"start":{"line":1,"column":0},"end":{"line":1,"column":40}},"1":{"start":{"line":2,"column":0},"end":{"line":2,"column":61}},"2":{"start":{"line":3,"column":0},"end":{"line":3,"column":48}},"3":{"start":{"line":4,"column":0},"end":{"line":4,"column":42}},"4":{"start":{"line":5,"column":0},"end":{"line":5,"column":49}},"5":{"start":{"line":6,"column":0},"end":{"line":6,"column":43}},"6":{"start":{"line":7,"column":0},"end":{"line":7,"column":44}},"7":{"start":{"line":8,"column":0},"end":{"line":8,"column":54}},"8":{"start":{"line":9,"column":0},"end":{"line":9,"column":48}},"9":{"start":{"line":10,"column":0},"end":{"line":10,"column":62}},"10":{"start":{"line":11,"column":0},"end":{"line":11,"column":57}},"11":{"start":{"line":12,"column":0},"end":{"line":12,"column":68}},"12":{"start":{"line":13,"column":0},"end":{"line":13,"column":79}},"13":{"start":{"line":14,"column":0},"end":{"line":14,"column":80}},"14":{"start":{"line":15,"column":0},"end":{"line":15,"column":74}},"15":{"start":{"line":16,"column":0},"end":{"line":16,"column":71}},"16":{"start":{"line":51,"column":7},"end":{"line":51,"column":null}},"17":{"start":{"line":51,"column":13},"end":{"line":51,"column":22}},"18":{"start":{"line":51,"column":13},"end":{"line":51,"column":null}},"19":{"start":{"line":28,"column":25},"end":{"line":28,"column":54}},"20":{"start":{"line":29,"column":8},"end":{"line":31,"column":9}},"21":{"start":{"line":30,"column":10},"end":{"line":30,"column":62}},"22":{"start":{"line":32,"column":8},"end":{"line":32,"column":24}},"23":{"start":{"line":38,"column":52},"end":{"line":38,"column":84}}},"fnMap":{"0":{"name":"(anonymous_2)","decl":{"start":{"line":27,"column":18},"end":{"line":27,"column":19}},"loc":{"start":{"line":27,"column":51},"end":{"line":33,"column":7}}},"1":{"name":"(anonymous_3)","decl":{"start":{"line":38,"column":18},"end":{"line":38,"column":19}},"loc":{"start":{"line":38,"column":52},"end":{"line":38,"column":84}}}},"branchMap":{"0":{"loc":{"start":{"line":29,"column":8},"end":{"line":31,"column":9}},"type":"if","locations":[{"start":{"line":29,"column":8},"end":{"line":31,"column":9}},{"start":{},"end":{}}]}},"s":{"0":0,"1":0,"2":0,"3":0,"4":0,"5":0,"6":0,"7":0,"8":0,"9":0,"10":0,"11":0,"12":0,"13":0,"14":0,"15":0,"16":0,"17":0,"18":0,"19":0,"20":0,"21":0,"22":0,"23":0},"f":{"0":0,"1":0},"b":{"0":[0,0]}}
,"D:\\Workspace\\vigil\\backend\\src\\app.service.ts": {"path":"D:\\Workspace\\vigil\\backend\\src\\app.service.ts","statementMap":{"0":{"start":{"line":1,"column":0},"end":{"line":1,"column":44}},"1":{"start":{"line":4,"column":7},"end":{"line":8,"column":null}},"2":{"start":{"line":6,"column":4},"end":{"line":6,"column":26}},"3":{"start":{"line":4,"column":13},"end":{"line":4,"column":23}},"4":{"start":{"line":4,"column":13},"end":{"line":8,"column":null}}},"fnMap":{"0":{"name":"(anonymous_1)","decl":{"start":{"line":5,"column":2},"end":{"line":5,"column":10}},"loc":{"start":{"line":5,"column":10},"end":{"line":7,"column":3}}}},"branchMap":{},"s":{"0":1,"1":1,"2":1,"3":1,"4":1},"f":{"0":1},"b":{}}
,"D:\\Workspace\\vigil\\backend\\src\\main.ts": {"path":"D:\\Workspace\\vigil\\backend\\src\\main.ts","statementMap":{"0":{"start":{"line":1,"column":0},"end":{"line":1,"column":43}},"1":{"start":{"line":2,"column":0},"end":{"line":2,"column":47}},"2":{"start":{"line":3,"column":0},"end":{"line":3,"column":48}},"3":{"start":{"line":4,"column":0},"end":{"line":4,"column":41}},"4":{"start":{"line":7,"column":14},"end":{"line":7,"column":49}},"5":{"start":{"line":9,"column":24},"end":{"line":9,"column":46}},"6":{"start":{"line":10,"column":15},"end":{"line":10,"column":60}},"7":{"start":{"line":12,"column":2},"end":{"line":18,"column":4}},"8":{"start":{"line":20,"column":2},"end":{"line":20,"column":19}},"9":{"start":{"line":22,"column":2},"end":{"line":22,"column":25}},"10":{"start":{"line":23,"column":2},"end":{"line":23,"column":69}},"11":{"start":{"line":25,"column":0},"end":{"line":25,"column":12}}},"fnMap":{"0":{"name":"bootstrap","decl":{"start":{"line":6,"column":15},"end":{"line":6,"column":24}},"loc":{"start":{"line":6,"column":24},"end":{"line":24,"column":1}}}},"branchMap":{"0":{"loc":{"start":{"line":10,"column":15},"end":{"line":10,"column":60}},"type":"binary-expr","locations":[{"start":{"line":10,"column":15},"end":{"line":10,"column":52}},{"start":{"line":10,"column":56},"end":{"line":10,"column":60}}]}},"s":{"0":0,"1":0,"2":0,"3":0,"4":0,"5":0,"6":0,"7":0,"8":0,"9":0,"10":0,"11":0},"f":{"0":0},"b":{"0":[0,0]}}
,"D:\\Workspace\\vigil\\backend\\src\\config\\app.config.ts": {"path":"D:\\Workspace\\vigil\\backend\\src\\config\\app.config.ts","statementMap":{"0":{"start":{"line":1,"column":0},"end":{"line":1,"column":44}},"1":{"start":{"line":3,"column":0},"end":{"line":6,"column":4}},"2":{"start":{"line":3,"column":40},"end":{"line":6,"column":2}}},"fnMap":{"0":{"name":"(anonymous_0)","decl":{"start":{"line":3,"column":33},"end":{"line":3,"column":36}},"loc":{"start":{"line":3,"column":40},"end":{"line":6,"column":2}}}},"branchMap":{"0":{"loc":{"start":{"line":4,"column":17},"end":{"line":4,"column":43}},"type":"binary-expr","locations":[{"start":{"line":4,"column":17},"end":{"line":4,"column":33}},{"start":{"line":4,"column":37},"end":{"line":4,"column":43}}]},"1":{"loc":{"start":{"line":5,"column":11},"end":{"line":5,"column":48}},"type":"binary-expr","locations":[{"start":{"line":5,"column":11},"end":{"line":5,"column":31}},{"start":{"line":5,"column":35},"end":{"line":5,"column":48}}]}},"s":{"0":0,"1":0,"2":0},"f":{"0":0},"b":{"0":[0,0],"1":[0,0]}}
,"D:\\Workspace\\vigil\\backend\\src\\config\\bull.config.ts": {"path":"D:\\Workspace\\vigil\\backend\\src\\config\\bull.config.ts","statementMap":{"0":{"start":{"line":4,"column":0},"end":{"line":4,"column":16}},"1":{"start":{"line":15,"column":0},"end":{"line":15,"column":16}},"2":{"start":{"line":7,"column":2},"end":{"line":12,"column":4}},"3":{"start":{"line":16,"column":2},"end":{"line":18,"column":4}}},"fnMap":{"0":{"name":"getBullRootConfig","decl":{"start":{"line":4,"column":16},"end":{"line":4,"column":33}},"loc":{"start":{"line":5,"column":30},"end":{"line":13,"column":1}}},"1":{"name":"getHealthCheckQueueConfig","decl":{"start":{"line":15,"column":16},"end":{"line":15,"column":41}},"loc":{"start":{"line":15,"column":41},"end":{"line":19,"column":1}}}},"branchMap":{},"s":{"0":0,"1":0,"2":0,"3":0},"f":{"0":0,"1":0},"b":{}}
,"D:\\Workspace\\vigil\\backend\\src\\config\\database.config.ts": {"path":"D:\\Workspace\\vigil\\backend\\src\\config\\database.config.ts","statementMap":{"0":{"start":{"line":1,"column":0},"end":{"line":1,"column":44}},"1":{"start":{"line":4,"column":0},"end":{"line":17,"column":3}},"2":{"start":{"line":5,"column":2},"end":{"line":16,"column":4}}},"fnMap":{"0":{"name":"(anonymous_0)","decl":{"start":{"line":4,"column":38},"end":{"line":4,"column":63}},"loc":{"start":{"line":4,"column":65},"end":{"line":17,"column":1}}}},"branchMap":{"0":{"loc":{"start":{"line":7,"column":10},"end":{"line":7,"column":50}},"type":"binary-expr","locations":[{"start":{"line":7,"column":10},"end":{"line":7,"column":35}},{"start":{"line":7,"column":39},"end":{"line":7,"column":50}}]},"1":{"loc":{"start":{"line":8,"column":19},"end":{"line":8,"column":54}},"type":"binary-expr","locations":[{"start":{"line":8,"column":19},"end":{"line":8,"column":44}},{"start":{"line":8,"column":48},"end":{"line":8,"column":54}}]},"2":{"loc":{"start":{"line":9,"column":14},"end":{"line":9,"column":53}},"type":"binary-expr","locations":[{"start":{"line":9,"column":14},"end":{"line":9,"column":39}},{"start":{"line":9,"column":43},"end":{"line":9,"column":53}}]},"3":{"loc":{"start":{"line":10,"column":14},"end":{"line":10,"column":57}},"type":"binary-expr","locations":[{"start":{"line":10,"column":14},"end":{"line":10,"column":43}},{"start":{"line":10,"column":47},"end":{"line":10,"column":57}}]},"4":{"loc":{"start":{"line":11,"column":14},"end":{"line":11,"column":56}},"type":"binary-expr","locations":[{"start":{"line":11,"column":14},"end":{"line":11,"column":39}},{"start":{"line":11,"column":43},"end":{"line":11,"column":56}}]}},"s":{"0":0,"1":0,"2":0},"f":{"0":0},"b":{"0":[0,0],"1":[0,0],"2":[0,0],"3":[0,0],"4":[0,0]}}
,"D:\\Workspace\\vigil\\backend\\src\\config\\mail.config.ts": {"path":"D:\\Workspace\\vigil\\backend\\src\\config\\mail.config.ts","statementMap":{"0":{"start":{"line":8,"column":0},"end":{"line":8,"column":16}},"1":{"start":{"line":1,"column":0},"end":{"line":1,"column":36}},"2":{"start":{"line":9,"column":22},"end":{"line":17,"column":4}},"3":{"start":{"line":19,"column":2},"end":{"line":22,"column":4}}},"fnMap":{"0":{"name":"getMailerConfig","decl":{"start":{"line":8,"column":16},"end":{"line":8,"column":31}},"loc":{"start":{"line":8,"column":31},"end":{"line":23,"column":1}}}},"branchMap":{"0":{"loc":{"start":{"line":10,"column":10},"end":{"line":10,"column":51}},"type":"binary-expr","locations":[{"start":{"line":10,"column":10},"end":{"line":10,"column":31}},{"start":{"line":10,"column":35},"end":{"line":10,"column":51}}]},"1":{"loc":{"start":{"line":11,"column":19},"end":{"line":11,"column":49}},"type":"binary-expr","locations":[{"start":{"line":11,"column":19},"end":{"line":11,"column":40}},{"start":{"line":11,"column":44},"end":{"line":11,"column":49}}]},"2":{"loc":{"start":{"line":21,"column":14},"end":{"line":21,"column":51}},"type":"binary-expr","locations":[{"start":{"line":21,"column":14},"end":{"line":21,"column":40}},{"start":{"line":21,"column":44},"end":{"line":21,"column":51}}]},"3":{"loc":{"start":{"line":21,"column":57},"end":{"line":21,"column":100}},"type":"binary-expr","locations":[{"start":{"line":21,"column":57},"end":{"line":21,"column":78}},{"start":{"line":21,"column":82},"end":{"line":21,"column":100}}]}},"s":{"0":0,"1":0,"2":0,"3":0},"f":{"0":0},"b":{"0":[0,0],"1":[0,0],"2":[0,0],"3":[0,0]}}
,"D:\\Workspace\\vigil\\backend\\src\\config\\notification.config.ts": {"path":"D:\\Workspace\\vigil\\backend\\src\\config\\notification.config.ts","statementMap":{"0":{"start":{"line":1,"column":0},"end":{"line":1,"column":44}},"1":{"start":{"line":3,"column":0},"end":{"line":13,"column":4}},"2":{"start":{"line":3,"column":49},"end":{"line":13,"column":2}}},"fnMap":{"0":{"name":"(anonymous_0)","decl":{"start":{"line":3,"column":42},"end":{"line":3,"column":45}},"loc":{"start":{"line":3,"column":49},"end":{"line":13,"column":2}}}},"branchMap":{"0":{"loc":{"start":{"line":5,"column":10},"end":{"line":5,"column":51}},"type":"binary-expr","locations":[{"start":{"line":5,"column":10},"end":{"line":5,"column":31}},{"start":{"line":5,"column":35},"end":{"line":5,"column":51}}]},"1":{"loc":{"start":{"line":6,"column":19},"end":{"line":6,"column":49}},"type":"binary-expr","locations":[{"start":{"line":6,"column":19},"end":{"line":6,"column":40}},{"start":{"line":6,"column":44},"end":{"line":6,"column":49}}]}},"s":{"0":0,"1":0,"2":0},"f":{"0":0},"b":{"0":[0,0],"1":[0,0]}}
,"D:\\Workspace\\vigil\\backend\\src\\config\\redis.config.ts": {"path":"D:\\Workspace\\vigil\\backend\\src\\config\\redis.config.ts","statementMap":{"0":{"start":{"line":1,"column":0},"end":{"line":1,"column":44}},"1":{"start":{"line":3,"column":0},"end":{"line":10,"column":3}},"2":{"start":{"line":4,"column":2},"end":{"line":9,"column":4}}},"fnMap":{"0":{"name":"(anonymous_0)","decl":{"start":{"line":3,"column":35},"end":{"line":3,"column":38}},"loc":{"start":{"line":3,"column":40},"end":{"line":10,"column":1}}}},"branchMap":{"0":{"loc":{"start":{"line":5,"column":10},"end":{"line":5,"column":47}},"type":"binary-expr","locations":[{"start":{"line":5,"column":10},"end":{"line":5,"column":32}},{"start":{"line":5,"column":36},"end":{"line":5,"column":47}}]},"1":{"loc":{"start":{"line":6,"column":19},"end":{"line":6,"column":51}},"type":"binary-expr","locations":[{"start":{"line":6,"column":19},"end":{"line":6,"column":41}},{"start":{"line":6,"column":45},"end":{"line":6,"column":51}}]},"2":{"loc":{"start":{"line":7,"column":14},"end":{"line":7,"column":53}},"type":"binary-expr","locations":[{"start":{"line":7,"column":14},"end":{"line":7,"column":40}},{"start":{"line":7,"column":44},"end":{"line":7,"column":53}}]},"3":{"loc":{"start":{"line":8,"column":17},"end":{"line":8,"column":44}},"type":"binary-expr","locations":[{"start":{"line":8,"column":17},"end":{"line":8,"column":37}},{"start":{"line":8,"column":41},"end":{"line":8,"column":44}}]}},"s":{"0":0,"1":0,"2":0},"f":{"0":0},"b":{"0":[0,0],"1":[0,0],"2":[0,0],"3":[0,0]}}
,"D:\\Workspace\\vigil\\backend\\src\\database\\migrations\\1729596000000-AddEndpointIndices.ts": {"path":"D:\\Workspace\\vigil\\backend\\src\\database\\migrations\\1729596000000-AddEndpointIndices.ts","statementMap":{"0":{"start":{"line":1,"column":0},"end":{"line":1,"column":70}},"1":{"start":{"line":18,"column":18},"end":{"line":18,"column":57}},"2":{"start":{"line":20,"column":4},"end":{"line":82,"column":5}},"3":{"start":{"line":22,"column":6},"end":{"line":30,"column":7}},"4":{"start":{"line":22,"column":41},"end":{"line":22,"column":126}},"5":{"start":{"line":23,"column":8},"end":{"line":29,"column":10}},"6":{"start":{"line":33,"column":6},"end":{"line":41,"column":7}},"7":{"start":{"line":33,"column":41},"end":{"line":33,"column":84}},"8":{"start":{"line":34,"column":8},"end":{"line":40,"column":10}},"9":{"start":{"line":43,"column":6},"end":{"line":51,"column":7}},"10":{"start":{"line":43,"column":41},"end":{"line":43,"column":79}},"11":{"start":{"line":44,"column":8},"end":{"line":50,"column":10}},"12":{"start":{"line":53,"column":6},"end":{"line":61,"column":7}},"13":{"start":{"line":53,"column":41},"end":{"line":53,"column":80}},"14":{"start":{"line":54,"column":8},"end":{"line":60,"column":10}},"15":{"start":{"line":63,"column":6},"end":{"line":71,"column":7}},"16":{"start":{"line":63,"column":41},"end":{"line":63,"column":80}},"17":{"start":{"line":64,"column":8},"end":{"line":70,"column":10}},"18":{"start":{"line":73,"column":6},"end":{"line":81,"column":7}},"19":{"start":{"line":73,"column":41},"end":{"line":73,"column":84}},"20":{"start":{"line":74,"column":8},"end":{"line":80,"column":10}},"21":{"start":{"line":87,"column":4},"end":{"line":87,"column":92}},"22":{"start":{"line":88,"column":4},"end":{"line":88,"column":88}},"23":{"start":{"line":89,"column":4},"end":{"line":89,"column":88}},"24":{"start":{"line":90,"column":4},"end":{"line":90,"column":87}},"25":{"start":{"line":91,"column":4},"end":{"line":91,"column":92}},"26":{"start":{"line":92,"column":4},"end":{"line":92,"column":101}},"27":{"start":{"line":16,"column":0},"end":{"line":16,"column":13}}},"fnMap":{"0":{"name":"(anonymous_0)","decl":{"start":{"line":17,"column":9},"end":{"line":17,"column":14}},"loc":{"start":{"line":17,"column":42},"end":{"line":83,"column":3}}},"1":{"name":"(anonymous_1)","decl":{"start":{"line":22,"column":30},"end":{"line":22,"column":31}},"loc":{"start":{"line":22,"column":41},"end":{"line":22,"column":126}}},"2":{"name":"(anonymous_2)","decl":{"start":{"line":33,"column":30},"end":{"line":33,"column":31}},"loc":{"start":{"line":33,"column":41},"end":{"line":33,"column":84}}},"3":{"name":"(anonymous_3)","decl":{"start":{"line":43,"column":30},"end":{"line":43,"column":31}},"loc":{"start":{"line":43,"column":41},"end":{"line":43,"column":79}}},"4":{"name":"(anonymous_4)","decl":{"start":{"line":53,"column":30},"end":{"line":53,"column":31}},"loc":{"start":{"line":53,"column":41},"end":{"line":53,"column":80}}},"5":{"name":"(anonymous_5)","decl":{"start":{"line":63,"column":30},"end":{"line":63,"column":31}},"loc":{"start":{"line":63,"column":41},"end":{"line":63,"column":80}}},"6":{"name":"(anonymous_6)","decl":{"start":{"line":73,"column":30},"end":{"line":73,"column":31}},"loc":{"start":{"line":73,"column":41},"end":{"line":73,"column":84}}},"7":{"name":"(anonymous_7)","decl":{"start":{"line":85,"column":9},"end":{"line":85,"column":14}},"loc":{"start":{"line":85,"column":44},"end":{"line":93,"column":3}}},"8":{"name":"(anonymous_8)","decl":{"start":{"line":87,"column":82},"end":{"line":87,"column":85}},"loc":{"start":{"line":87,"column":87},"end":{"line":87,"column":90}}},"9":{"name":"(anonymous_9)","decl":{"start":{"line":88,"column":78},"end":{"line":88,"column":81}},"loc":{"start":{"line":88,"column":83},"end":{"line":88,"column":86}}},"10":{"name":"(anonymous_10)","decl":{"start":{"line":89,"column":78},"end":{"line":89,"column":81}},"loc":{"start":{"line":89,"column":83},"end":{"line":89,"column":86}}},"11":{"name":"(anonymous_11)","decl":{"start":{"line":90,"column":77},"end":{"line":90,"column":80}},"loc":{"start":{"line":90,"column":82},"end":{"line":90,"column":85}}},"12":{"name":"(anonymous_12)","decl":{"start":{"line":91,"column":82},"end":{"line":91,"column":85}},"loc":{"start":{"line":91,"column":87},"end":{"line":91,"column":90}}},"13":{"name":"(anonymous_13)","decl":{"start":{"line":92,"column":91},"end":{"line":92,"column":94}},"loc":{"start":{"line":92,"column":96},"end":{"line":92,"column":99}}}},"branchMap":{"0":{"loc":{"start":{"line":20,"column":4},"end":{"line":82,"column":5}},"type":"if","locations":[{"start":{"line":20,"column":4},"end":{"line":82,"column":5}},{"start":{},"end":{}}]},"1":{"loc":{"start":{"line":22,"column":6},"end":{"line":30,"column":7}},"type":"if","locations":[{"start":{"line":22,"column":6},"end":{"line":30,"column":7}},{"start":{},"end":{}}]},"2":{"loc":{"start":{"line":22,"column":41},"end":{"line":22,"column":126}},"type":"binary-expr","locations":[{"start":{"line":22,"column":41},"end":{"line":22,"column":79}},{"start":{"line":22,"column":83},"end":{"line":22,"column":126}}]},"3":{"loc":{"start":{"line":33,"column":6},"end":{"line":41,"column":7}},"type":"if","locations":[{"start":{"line":33,"column":6},"end":{"line":41,"column":7}},{"start":{},"end":{}}]},"4":{"loc":{"start":{"line":43,"column":6},"end":{"line":51,"column":7}},"type":"if","locations":[{"start":{"line":43,"column":6},"end":{"line":51,"column":7}},{"start":{},"end":{}}]},"5":{"loc":{"start":{"line":53,"column":6},"end":{"line":61,"column":7}},"type":"if","locations":[{"start":{"line":53,"column":6},"end":{"line":61,"column":7}},{"start":{},"end":{}}]},"6":{"loc":{"start":{"line":63,"column":6},"end":{"line":71,"column":7}},"type":"if","locations":[{"start":{"line":63,"column":6},"end":{"line":71,"column":7}},{"start":{},"end":{}}]},"7":{"loc":{"start":{"line":73,"column":6},"end":{"line":81,"column":7}},"type":"if","locations":[{"start":{"line":73,"column":6},"end":{"line":81,"column":7}},{"start":{},"end":{}}]}},"s":{"0":0,"1":0,"2":0,"3":0,"4":0,"5":0,"6":0,"7":0,"8":0,"9":0,"10":0,"11":0,"12":0,"13":0,"14":0,"15":0,"16":0,"17":0,"18":0,"19":0,"20":0,"21":0,"22":0,"23":0,"24":0,"25":0,"26":0,"27":0},"f":{"0":0,"1":0,"2":0,"3":0,"4":0,"5":0,"6":0,"7":0,"8":0,"9":0,"10":0,"11":0,"12":0,"13":0},"b":{"0":[0,0],"1":[0,0],"2":[0,0],"3":[0,0],"4":[0,0],"5":[0,0],"6":[0,0],"7":[0,0]}}
,"D:\\Workspace\\vigil\\backend\\src\\modules\\endpoint\\endpoint.controller.ts": {"path":"D:\\Workspace\\vigil\\backend\\src\\modules\\endpoint\\endpoint.controller.ts","statementMap":{"0":{"start":{"line":1,"column":0},"end":{"line":1,"column":null}},"1":{"start":{"line":13,"column":0},"end":{"line":13,"column":69}},"2":{"start":{"line":15,"column":0},"end":{"line":15,"column":53}},"3":{"start":{"line":16,"column":0},"end":{"line":16,"column":83}},"4":{"start":{"line":17,"column":0},"end":{"line":17,"column":45}},"5":{"start":{"line":18,"column":0},"end":{"line":18,"column":66}},"6":{"start":{"line":22,"column":7},"end":{"line":101,"column":null}},"7":{"start":{"line":23,"column":31},"end":{"line":23,"column":48}},"8":{"start":{"line":34,"column":4},"end":{"line":34,"column":44}},"9":{"start":{"line":44,"column":4},"end":{"line":44,"column":47}},"10":{"start":{"line":55,"column":4},"end":{"line":55,"column":44}},"11":{"start":{"line":69,"column":4},"end":{"line":69,"column":48}},"12":{"start":{"line":81,"column":4},"end":{"line":81,"column":42}},"13":{"start":{"line":82,"column":4},"end":{"line":82,"column":56}},"14":{"start":{"line":99,"column":4},"end":{"line":99,"column":54}},"15":{"start":{"line":22,"column":13},"end":{"line":22,"column":31}},"16":{"start":{"line":33,"column":8},"end":{"line":35,"column":null}},"17":{"start":{"line":43,"column":8},"end":{"line":45,"column":null}},"18":{"start":{"line":54,"column":8},"end":{"line":56,"column":null}},"19":{"start":{"line":65,"column":8},"end":{"line":70,"column":null}},"20":{"start":{"line":80,"column":8},"end":{"line":83,"column":null}},"21":{"start":{"line":96,"column":8},"end":{"line":100,"column":null}},"22":{"start":{"line":22,"column":13},"end":{"line":101,"column":null}}},"fnMap":{"0":{"name":"(anonymous_4)","decl":{"start":{"line":23,"column":2},"end":{"line":23,"column":31}},"loc":{"start":{"line":23,"column":63},"end":{"line":23,"column":67}}},"1":{"name":"(anonymous_5)","decl":{"start":{"line":33,"column":8},"end":{"line":33,"column":14}},"loc":{"start":{"line":33,"column":45},"end":{"line":35,"column":3}}},"2":{"name":"(anonymous_6)","decl":{"start":{"line":43,"column":8},"end":{"line":43,"column":15}},"loc":{"start":{"line":43,"column":52},"end":{"line":45,"column":3}}},"3":{"name":"(anonymous_7)","decl":{"start":{"line":54,"column":8},"end":{"line":54,"column":15}},"loc":{"start":{"line":54,"column":54},"end":{"line":56,"column":3}}},"4":{"name":"(anonymous_8)","decl":{"start":{"line":65,"column":8},"end":{"line":65,"column":14}},"loc":{"start":{"line":67,"column":34},"end":{"line":70,"column":3}}},"5":{"name":"(anonymous_9)","decl":{"start":{"line":80,"column":8},"end":{"line":80,"column":14}},"loc":{"start":{"line":80,"column":53},"end":{"line":83,"column":3}}},"6":{"name":"(anonymous_10)","decl":{"start":{"line":96,"column":8},"end":{"line":96,"column":25}},"loc":{"start":{"line":97,"column":42},"end":{"line":100,"column":3}}}},"branchMap":{"0":{"loc":{"start":{"line":33,"column":28},"end":{"line":33,"column":48}},"type":"cond-expr","locations":[{"start":{"line":33,"column":45},"end":{"line":33,"column":48}},{"start":{"line":33,"column":45},"end":{"line":33,"column":48}}]},"1":{"loc":{"start":{"line":33,"column":28},"end":{"line":33,"column":45}},"type":"binary-expr","locations":[{"start":{"line":33,"column":28},"end":{"line":33,"column":48}},{"start":{"line":33,"column":28},"end":{"line":33,"column":45}}]},"2":{"loc":{"start":{"line":33,"column":48},"end":{"line":33,"column":null}},"type":"cond-expr","locations":[{"start":{"line":33,"column":55},"end":{"line":33,"column":null}},{"start":{"line":33,"column":55},"end":{"line":33,"column":null}}]},"3":{"loc":{"start":{"line":33,"column":48},"end":{"line":33,"column":55}},"type":"binary-expr","locations":[{"start":{"line":33,"column":48},"end":{"line":33,"column":null}},{"start":{"line":33,"column":48},"end":{"line":33,"column":55}}]},"4":{"loc":{"start":{"line":43,"column":32},"end":{"line":43,"column":null}},"type":"cond-expr","locations":[{"start":{"line":43,"column":52},"end":{"line":43,"column":null}},{"start":{"line":43,"column":52},"end":{"line":43,"column":null}}]},"5":{"loc":{"start":{"line":43,"column":32},"end":{"line":43,"column":52}},"type":"binary-expr","locations":[{"start":{"line":43,"column":32},"end":{"line":43,"column":null}},{"start":{"line":43,"column":32},"end":{"line":43,"column":52}}]},"6":{"loc":{"start":{"line":54,"column":57},"end":{"line":54,"column":null}},"type":"cond-expr","locations":[{"start":{"line":54,"column":64},"end":{"line":54,"column":null}},{"start":{"line":54,"column":64},"end":{"line":54,"column":null}}]},"7":{"loc":{"start":{"line":54,"column":57},"end":{"line":54,"column":64}},"type":"binary-expr","locations":[{"start":{"line":54,"column":57},"end":{"line":54,"column":null}},{"start":{"line":54,"column":57},"end":{"line":54,"column":64}}]},"8":{"loc":{"start":{"line":67,"column":17},"end":{"line":67,"column":null}},"type":"cond-expr","locations":[{"start":{"line":67,"column":34},"end":{"line":67,"column":null}},{"start":{"line":67,"column":34},"end":{"line":67,"column":null}}]},"9":{"loc":{"start":{"line":67,"column":17},"end":{"line":67,"column":34}},"type":"binary-expr","locations":[{"start":{"line":67,"column":17},"end":{"line":67,"column":null}},{"start":{"line":67,"column":17},"end":{"line":67,"column":34}}]},"10":{"loc":{"start":{"line":68,"column":5},"end":{"line":68,"column":null}},"type":"cond-expr","locations":[{"start":{"line":68,"column":12},"end":{"line":68,"column":null}},{"start":{"line":68,"column":12},"end":{"line":68,"column":null}}]},"11":{"loc":{"start":{"line":68,"column":5},"end":{"line":68,"column":12}},"type":"binary-expr","locations":[{"start":{"line":68,"column":5},"end":{"line":68,"column":null}},{"start":{"line":68,"column":5},"end":{"line":68,"column":12}}]},"12":{"loc":{"start":{"line":80,"column":56},"end":{"line":80,"column":null}},"type":"cond-expr","locations":[{"start":{"line":80,"column":63},"end":{"line":80,"column":null}},{"start":{"line":80,"column":63},"end":{"line":80,"column":null}}]},"13":{"loc":{"start":{"line":80,"column":56},"end":{"line":80,"column":63}},"type":"binary-expr","locations":[{"start":{"line":80,"column":56},"end":{"line":80,"column":null}},{"start":{"line":80,"column":56},"end":{"line":80,"column":63}}]},"14":{"loc":{"start":{"line":98,"column":5},"end":{"line":98,"column":null}},"type":"cond-expr","locations":[{"start":{"line":98,"column":12},"end":{"line":98,"column":null}},{"start":{"line":98,"column":12},"end":{"line":98,"column":null}}]},"15":{"loc":{"start":{"line":98,"column":5},"end":{"line":98,"column":12}},"type":"binary-expr","locations":[{"start":{"line":98,"column":5},"end":{"line":98,"column":null}},{"start":{"line":98,"column":5},"end":{"line":98,"column":12}}]},"16":{"loc":{"start":{"line":23,"column":48},"end":{"line":23,"column":66}},"type":"cond-expr","locations":[{"start":{"line":23,"column":63},"end":{"line":23,"column":66}},{"start":{"line":23,"column":63},"end":{"line":23,"column":66}}]},"17":{"loc":{"start":{"line":23,"column":48},"end":{"line":23,"column":63}},"type":"binary-expr","locations":[{"start":{"line":23,"column":48},"end":{"line":23,"column":66}},{"start":{"line":23,"column":48},"end":{"line":23,"column":63}}]}},"s":{"0":1,"1":1,"2":1,"3":1,"4":1,"5":1,"6":1,"7":33,"8":5,"9":5,"10":6,"11":5,"12":5,"13":4,"14":6,"15":1,"16":1,"17":1,"18":1,"19":1,"20":1,"21":1,"22":1},"f":{"0":33,"1":5,"2":5,"3":6,"4":5,"5":5,"6":6},"b":{"0":[1,0],"1":[1,1],"2":[1,0],"3":[1,1],"4":[1,0],"5":[1,1],"6":[1,0],"7":[1,1],"8":[1,0],"9":[1,1],"10":[1,0],"11":[1,1],"12":[1,0],"13":[1,1],"14":[1,0],"15":[1,1],"16":[1,0],"17":[1,1]}}
,"D:\\Workspace\\vigil\\backend\\src\\modules\\endpoint\\endpoint.entity.ts": {"path":"D:\\Workspace\\vigil\\backend\\src\\modules\\endpoint\\endpoint.entity.ts","statementMap":{"0":{"start":{"line":1,"column":0},"end":{"line":1,"column":null}},"1":{"start":{"line":10,"column":0},"end":{"line":10,"column":66}},"2":{"start":{"line":11,"column":0},"end":{"line":11,"column":55}},"3":{"start":{"line":13,"column":0},"end":{"line":13,"column":null}},"4":{"start":{"line":14,"column":2},"end":{"line":14,"column":null}},"5":{"start":{"line":15,"column":2},"end":{"line":15,"column":null}},"6":{"start":{"line":16,"column":2},"end":{"line":16,"column":null}},"7":{"start":{"line":17,"column":2},"end":{"line":17,"column":null}},"8":{"start":{"line":18,"column":2},"end":{"line":18,"column":null}},"9":{"start":{"line":19,"column":2},"end":{"line":19,"column":null}},"10":{"start":{"line":20,"column":2},"end":{"line":20,"column":null}},"11":{"start":{"line":23,"column":0},"end":{"line":23,"column":null}},"12":{"start":{"line":24,"column":2},"end":{"line":24,"column":null}},"13":{"start":{"line":25,"column":2},"end":{"line":25,"column":null}},"14":{"start":{"line":26,"column":2},"end":{"line":26,"column":null}},"15":{"start":{"line":27,"column":2},"end":{"line":27,"column":null}},"16":{"start":{"line":37,"column":7},"end":{"line":99,"column":null}},"17":{"start":{"line":37,"column":13},"end":{"line":37,"column":21}},"18":{"start":{"line":39,"column":2},"end":{"line":39,"column":null}},"19":{"start":{"line":42,"column":2},"end":{"line":42,"column":null}},"20":{"start":{"line":45,"column":2},"end":{"line":45,"column":null}},"21":{"start":{"line":52,"column":2},"end":{"line":52,"column":null}},"22":{"start":{"line":55,"column":2},"end":{"line":55,"column":null}},"23":{"start":{"line":58,"column":2},"end":{"line":58,"column":null}},"24":{"start":{"line":61,"column":2},"end":{"line":61,"column":null}},"25":{"start":{"line":64,"column":2},"end":{"line":64,"column":null}},"26":{"start":{"line":67,"column":2},"end":{"line":67,"column":null}},"27":{"start":{"line":70,"column":2},"end":{"line":70,"column":null}},"28":{"start":{"line":77,"column":2},"end":{"line":77,"column":null}},"29":{"start":{"line":80,"column":2},"end":{"line":80,"column":null}},"30":{"start":{"line":83,"column":2},"end":{"line":83,"column":null}},"31":{"start":{"line":86,"column":2},"end":{"line":86,"column":null}},"32":{"start":{"line":89,"column":2},"end":{"line":89,"column":null}},"33":{"start":{"line":88,"column":19},"end":{"line":88,"column":30}},"34":{"start":{"line":88,"column":49},"end":{"line":88,"column":69}},"35":{"start":{"line":92,"column":2},"end":{"line":92,"column":null}},"36":{"start":{"line":91,"column":19},"end":{"line":91,"column":27}},"37":{"start":{"line":91,"column":43},"end":{"line":91,"column":60}},"38":{"start":{"line":95,"column":2},"end":{"line":95,"column":null}},"39":{"start":{"line":98,"column":2},"end":{"line":98,"column":null}},"40":{"start":{"line":37,"column":13},"end":{"line":99,"column":null}}},"fnMap":{"0":{"name":"(anonymous_2)","decl":{"start":{"line":13,"column":0},"end":{"line":13,"column":12}},"loc":{"start":{"line":13,"column":22},"end":{"line":21,"column":1}}},"1":{"name":"(anonymous_3)","decl":{"start":{"line":23,"column":0},"end":{"line":23,"column":12}},"loc":{"start":{"line":23,"column":26},"end":{"line":28,"column":1}}},"2":{"name":"(anonymous_4)","decl":{"start":{"line":88,"column":13},"end":{"line":88,"column":16}},"loc":{"start":{"line":88,"column":19},"end":{"line":88,"column":30}}},"3":{"name":"(anonymous_5)","decl":{"start":{"line":88,"column":32},"end":{"line":88,"column":33}},"loc":{"start":{"line":88,"column":49},"end":{"line":88,"column":69}}},"4":{"name":"(anonymous_6)","decl":{"start":{"line":91,"column":13},"end":{"line":91,"column":16}},"loc":{"start":{"line":91,"column":19},"end":{"line":91,"column":27}}},"5":{"name":"(anonymous_7)","decl":{"start":{"line":91,"column":29},"end":{"line":91,"column":30}},"loc":{"start":{"line":91,"column":43},"end":{"line":91,"column":60}}}},"branchMap":{"0":{"loc":{"start":{"line":13,"column":12},"end":{"line":13,"column":null}},"type":"binary-expr","locations":[{"start":{"line":13,"column":12},"end":{"line":13,"column":22}},{"start":{"line":13,"column":22},"end":{"line":13,"column":null}}]},"1":{"loc":{"start":{"line":23,"column":12},"end":{"line":23,"column":null}},"type":"binary-expr","locations":[{"start":{"line":23,"column":12},"end":{"line":23,"column":26}},{"start":{"line":23,"column":26},"end":{"line":23,"column":null}}]},"2":{"loc":{"start":{"line":55,"column":11},"end":{"line":55,"column":34}},"type":"cond-expr","locations":[{"start":{"line":55,"column":17},"end":{"line":55,"column":34}},{"start":{"line":55,"column":17},"end":{"line":55,"column":34}}]},"3":{"loc":{"start":{"line":55,"column":11},"end":{"line":55,"column":17}},"type":"binary-expr","locations":[{"start":{"line":55,"column":11},"end":{"line":55,"column":34}},{"start":{"line":55,"column":11},"end":{"line":55,"column":17}}]},"4":{"loc":{"start":{"line":95,"column":13},"end":{"line":95,"column":18}},"type":"cond-expr","locations":[{"start":{"line":95,"column":17},"end":{"line":95,"column":18}},{"start":{"line":95,"column":17},"end":{"line":95,"column":18}}]},"5":{"loc":{"start":{"line":95,"column":13},"end":{"line":95,"column":17}},"type":"binary-expr","locations":[{"start":{"line":95,"column":13},"end":{"line":95,"column":18}},{"start":{"line":95,"column":13},"end":{"line":95,"column":17}}]},"6":{"loc":{"start":{"line":98,"column":13},"end":{"line":98,"column":18}},"type":"cond-expr","locations":[{"start":{"line":98,"column":17},"end":{"line":98,"column":18}},{"start":{"line":98,"column":17},"end":{"line":98,"column":18}}]},"7":{"loc":{"start":{"line":98,"column":13},"end":{"line":98,"column":17}},"type":"binary-expr","locations":[{"start":{"line":98,"column":13},"end":{"line":98,"column":18}},{"start":{"line":98,"column":13},"end":{"line":98,"column":17}}]}},"s":{"0":10,"1":10,"2":10,"3":10,"4":10,"5":10,"6":10,"7":10,"8":10,"9":10,"10":10,"11":10,"12":10,"13":10,"14":10,"15":10,"16":10,"17":10,"18":10,"19":10,"20":10,"21":10,"22":10,"23":10,"24":10,"25":10,"26":10,"27":10,"28":10,"29":10,"30":10,"31":10,"32":10,"33":0,"34":0,"35":10,"36":0,"37":0,"38":10,"39":10,"40":10},"f":{"0":10,"1":10,"2":0,"3":0,"4":0,"5":0},"b":{"0":[10,10],"1":[10,10],"2":[0,10],"3":[10,0],"4":[10,0],"5":[10,10],"6":[10,0],"7":[10,10]}}
,"D:\\Workspace\\vigil\\backend\\src\\modules\\endpoint\\endpoint.module.ts": {"path":"D:\\Workspace\\vigil\\backend\\src\\modules\\endpoint\\endpoint.module.ts","statementMap":{"0":{"start":{"line":1,"column":0},"end":{"line":1,"column":40}},"1":{"start":{"line":2,"column":0},"end":{"line":2,"column":48}},"2":{"start":{"line":4,"column":0},"end":{"line":4,"column":59}},"3":{"start":{"line":5,"column":0},"end":{"line":5,"column":53}},"4":{"start":{"line":6,"column":0},"end":{"line":6,"column":45}},"5":{"start":{"line":7,"column":0},"end":{"line":7,"column":66}},"6":{"start":{"line":8,"column":0},"end":{"line":8,"column":55}},"7":{"start":{"line":9,"column":0},"end":{"line":9,"column":72}},"8":{"start":{"line":20,"column":7},"end":{"line":20,"column":null}},"9":{"start":{"line":20,"column":13},"end":{"line":20,"column":27}},"10":{"start":{"line":20,"column":13},"end":{"line":20,"column":null}}},"fnMap":{},"branchMap":{},"s":{"0":0,"1":0,"2":0,"3":0,"4":0,"5":0,"6":0,"7":0,"8":0,"9":0,"10":0},"f":{},"b":{}}
,"D:\\Workspace\\vigil\\backend\\src\\modules\\endpoint\\endpoint.service.ts": {"path":"D:\\Workspace\\vigil\\backend\\src\\modules\\endpoint\\endpoint.service.ts","statementMap":{"0":{"start":{"line":1,"column":0},"end":{"line":1,"column":null}},"1":{"start":{"line":7,"column":0},"end":{"line":7,"column":51}},"2":{"start":{"line":8,"column":0},"end":{"line":8,"column":37}},"3":{"start":{"line":10,"column":0},"end":{"line":10,"column":45}},"4":{"start":{"line":17,"column":0},"end":{"line":17,"column":66}},"5":{"start":{"line":18,"column":0},"end":{"line":18,"column":55}},"6":{"start":{"line":19,"column":0},"end":{"line":19,"column":74}},"7":{"start":{"line":20,"column":0},"end":{"line":20,"column":66}},"8":{"start":{"line":23,"column":28},"end":{"line":208,"column":null}},"9":{"start":{"line":24,"column":28},"end":{"line":24,"column":60}},"10":{"start":{"line":28,"column":12},"end":{"line":28,"column":32}},"11":{"start":{"line":30,"column":12},"end":{"line":30,"column":35}},"12":{"start":{"line":32,"column":12},"end":{"line":32,"column":32}},"13":{"start":{"line":33,"column":12},"end":{"line":33,"column":32}},"14":{"start":{"line":34,"column":12},"end":{"line":34,"column":30}},"15":{"start":{"line":41,"column":4},"end":{"line":66,"column":5}},"16":{"start":{"line":42,"column":23},"end":{"line":46,"column":8}},"17":{"start":{"line":48,"column":28},"end":{"line":48,"column":72}},"18":{"start":{"line":49,"column":6},"end":{"line":49,"column":63}},"19":{"start":{"line":52,"column":6},"end":{"line":52,"column":71}},"20":{"start":{"line":55,"column":6},"end":{"line":60,"column":9}},"21":{"start":{"line":62,"column":6},"end":{"line":62,"column":27}},"22":{"start":{"line":64,"column":6},"end":{"line":64,"column":71}},"23":{"start":{"line":65,"column":6},"end":{"line":65,"column":65}},"24":{"start":{"line":81,"column":13},"end":{"line":81,"column":67}},"25":{"start":{"line":84,"column":4},"end":{"line":88,"column":5}},"26":{"start":{"line":85,"column":6},"end":{"line":87,"column":9}},"27":{"start":{"line":91,"column":4},"end":{"line":95,"column":5}},"28":{"start":{"line":92,"column":6},"end":{"line":94,"column":9}},"29":{"start":{"line":98,"column":23},"end":{"line":98,"column":49}},"30":{"start":{"line":99,"column":4},"end":{"line":99,"column":45}},"31":{"start":{"line":102,"column":18},"end":{"line":102,"column":37}},"32":{"start":{"line":104,"column":17},"end":{"line":104,"column":32}},"33":{"start":{"line":105,"column":18},"end":{"line":105,"column":35}},"34":{"start":{"line":108,"column":17},"end":{"line":111,"column":16}},"35":{"start":{"line":113,"column":23},"end":{"line":113,"column":47}},"36":{"start":{"line":115,"column":4},"end":{"line":123,"column":6}},"37":{"start":{"line":130,"column":21},"end":{"line":132,"column":6}},"38":{"start":{"line":134,"column":4},"end":{"line":136,"column":5}},"39":{"start":{"line":135,"column":6},"end":{"line":135,"column":63}},"40":{"start":{"line":138,"column":4},"end":{"line":138,"column":20}},"41":{"start":{"line":145,"column":21},"end":{"line":145,"column":43}},"42":{"start":{"line":148,"column":19},"end":{"line":148,"column":29}},"43":{"start":{"line":150,"column":6},"end":{"line":150,"column":77}},"44":{"start":{"line":152,"column":4},"end":{"line":152,"column":33}},"45":{"start":{"line":153,"column":28},"end":{"line":153,"column":72}},"46":{"start":{"line":155,"column":4},"end":{"line":160,"column":5}},"47":{"start":{"line":156,"column":6},"end":{"line":158,"column":8}},"48":{"start":{"line":159,"column":6},"end":{"line":159,"column":75}},"49":{"start":{"line":162,"column":4},"end":{"line":162,"column":47}},"50":{"start":{"line":165,"column":4},"end":{"line":174,"column":7}},"51":{"start":{"line":176,"column":4},"end":{"line":176,"column":27}},"52":{"start":{"line":183,"column":21},"end":{"line":183,"column":43}},"53":{"start":{"line":186,"column":4},"end":{"line":186,"column":66}},"54":{"start":{"line":189,"column":4},"end":{"line":189,"column":30}},"55":{"start":{"line":190,"column":4},"end":{"line":190,"column":49}},"56":{"start":{"line":192,"column":4},"end":{"line":192,"column":47}},"57":{"start":{"line":195,"column":4},"end":{"line":198,"column":7}},"58":{"start":{"line":205,"column":21},"end":{"line":205,"column":43}},"59":{"start":{"line":206,"column":4},"end":{"line":206,"column":73}},"60":{"start":{"line":23,"column":13},"end":{"line":23,"column":28}},"61":{"start":{"line":23,"column":13},"end":{"line":208,"column":null}}},"fnMap":{"0":{"name":"(anonymous_4)","decl":{"start":{"line":26,"column":2},"end":{"line":26,"column":null}},"loc":{"start":{"line":34,"column":46},"end":{"line":35,"column":6}}},"1":{"name":"(anonymous_5)","decl":{"start":{"line":40,"column":2},"end":{"line":40,"column":7}},"loc":{"start":{"line":40,"column":37},"end":{"line":67,"column":3}}},"2":{"name":"(anonymous_6)","decl":{"start":{"line":72,"column":2},"end":{"line":72,"column":7}},"loc":{"start":{"line":72,"column":43},"end":{"line":124,"column":3}}},"3":{"name":"(anonymous_7)","decl":{"start":{"line":129,"column":2},"end":{"line":129,"column":7}},"loc":{"start":{"line":129,"column":26},"end":{"line":139,"column":3}}},"4":{"name":"(anonymous_8)","decl":{"start":{"line":144,"column":2},"end":{"line":144,"column":7}},"loc":{"start":{"line":144,"column":49},"end":{"line":177,"column":3}}},"5":{"name":"(anonymous_9)","decl":{"start":{"line":182,"column":2},"end":{"line":182,"column":7}},"loc":{"start":{"line":182,"column":25},"end":{"line":199,"column":3}}},"6":{"name":"(anonymous_10)","decl":{"start":{"line":204,"column":2},"end":{"line":204,"column":7}},"loc":{"start":{"line":204,"column":36},"end":{"line":207,"column":3}}}},"branchMap":{"0":{"loc":{"start":{"line":84,"column":4},"end":{"line":88,"column":5}},"type":"if","locations":[{"start":{"line":84,"column":4},"end":{"line":88,"column":5}},{"start":{},"end":{}}]},"1":{"loc":{"start":{"line":91,"column":4},"end":{"line":95,"column":5}},"type":"if","locations":[{"start":{"line":91,"column":4},"end":{"line":95,"column":5}},{"start":{},"end":{}}]},"2":{"loc":{"start":{"line":104,"column":17},"end":{"line":104,"column":32}},"type":"binary-expr","locations":[{"start":{"line":104,"column":17},"end":{"line":104,"column":27}},{"start":{"line":104,"column":31},"end":{"line":104,"column":32}}]},"3":{"loc":{"start":{"line":105,"column":18},"end":{"line":105,"column":35}},"type":"binary-expr","locations":[{"start":{"line":105,"column":18},"end":{"line":105,"column":29}},{"start":{"line":105,"column":33},"end":{"line":105,"column":35}}]},"4":{"loc":{"start":{"line":134,"column":4},"end":{"line":136,"column":5}},"type":"if","locations":[{"start":{"line":134,"column":4},"end":{"line":136,"column":5}},{"start":{},"end":{}}]},"5":{"loc":{"start":{"line":150,"column":6},"end":{"line":150,"column":77}},"type":"binary-expr","locations":[{"start":{"line":150,"column":6},"end":{"line":150,"column":26}},{"start":{"line":150,"column":30},"end":{"line":150,"column":77}}]},"6":{"loc":{"start":{"line":155,"column":4},"end":{"line":160,"column":5}},"type":"if","locations":[{"start":{"line":155,"column":4},"end":{"line":160,"column":5}},{"start":{},"end":{}}]},"7":{"loc":{"start":{"line":28,"column":32},"end":{"line":28,"column":52}},"type":"cond-expr","locations":[{"start":{"line":28,"column":42},"end":{"line":28,"column":52}},{"start":{"line":28,"column":42},"end":{"line":28,"column":52}}]},"8":{"loc":{"start":{"line":28,"column":32},"end":{"line":28,"column":42}},"type":"binary-expr","locations":[{"start":{"line":28,"column":32},"end":{"line":28,"column":52}},{"start":{"line":28,"column":32},"end":{"line":28,"column":42}}]},"9":{"loc":{"start":{"line":28,"column":42},"end":{"line":30,"column":58}},"type":"cond-expr","locations":[{"start":{"line":30,"column":45},"end":{"line":30,"column":58}},{"start":{"line":30,"column":45},"end":{"line":30,"column":58}}]},"10":{"loc":{"start":{"line":28,"column":42},"end":{"line":30,"column":45}},"type":"binary-expr","locations":[{"start":{"line":28,"column":42},"end":{"line":30,"column":58}},{"start":{"line":30,"column":35},"end":{"line":30,"column":45}}]},"11":{"loc":{"start":{"line":30,"column":45},"end":{"line":32,"column":52}},"type":"cond-expr","locations":[{"start":{"line":32,"column":42},"end":{"line":32,"column":52}},{"start":{"line":32,"column":42},"end":{"line":32,"column":52}}]},"12":{"loc":{"start":{"line":30,"column":45},"end":{"line":32,"column":42}},"type":"binary-expr","locations":[{"start":{"line":30,"column":45},"end":{"line":32,"column":52}},{"start":{"line":32,"column":32},"end":{"line":32,"column":42}}]},"13":{"loc":{"start":{"line":32,"column":42},"end":{"line":33,"column":null}},"type":"cond-expr","locations":[{"start":{"line":33,"column":50},"end":{"line":33,"column":null}},{"start":{"line":33,"column":50},"end":{"line":33,"column":null}}]},"14":{"loc":{"start":{"line":32,"column":42},"end":{"line":33,"column":50}},"type":"binary-expr","locations":[{"start":{"line":32,"column":42},"end":{"line":33,"column":null}},{"start":{"line":33,"column":32},"end":{"line":33,"column":50}}]},"15":{"loc":{"start":{"line":33,"column":50},"end":{"line":34,"column":null}},"type":"cond-expr","locations":[{"start":{"line":34,"column":46},"end":{"line":34,"column":null}},{"start":{"line":34,"column":46},"end":{"line":34,"column":null}}]},"16":{"loc":{"start":{"line":33,"column":50},"end":{"line":34,"column":46}},"type":"binary-expr","locations":[{"start":{"line":33,"column":50},"end":{"line":34,"column":null}},{"start":{"line":34,"column":30},"end":{"line":34,"column":46}}]}},"s":{"0":2,"1":2,"2":2,"3":2,"4":2,"5":2,"6":2,"7":2,"8":2,"9":10,"10":10,"11":10,"12":10,"13":10,"14":10,"15":1,"16":1,"17":1,"18":1,"19":1,"20":1,"21":1,"22":0,"23":0,"24":2,"25":2,"26":1,"27":2,"28":0,"29":2,"30":2,"31":2,"32":2,"33":2,"34":2,"35":2,"36":2,"37":6,"38":6,"39":1,"40":5,"41":2,"42":2,"43":2,"44":2,"45":2,"46":2,"47":1,"48":1,"49":2,"50":2,"51":2,"52":1,"53":1,"54":1,"55":1,"56":1,"57":1,"58":1,"59":1,"60":2,"61":2},"f":{"0":10,"1":1,"2":2,"3":6,"4":2,"5":1,"6":1},"b":{"0":[1,1],"1":[0,2],"2":[2,0],"3":[2,0],"4":[1,5],"5":[2,1],"6":[1,1],"7":[2,0],"8":[2,2],"9":[2,0],"10":[2,2],"11":[2,0],"12":[2,2],"13":[2,0],"14":[2,2],"15":[2,0],"16":[2,2]}}
,"D:\\Workspace\\vigil\\backend\\src\\modules\\endpoint\\dto\\create-endpoint.dto.ts": {"path":"D:\\Workspace\\vigil\\backend\\src\\modules\\endpoint\\dto\\create-endpoint.dto.ts","statementMap":{"0":{"start":{"line":1,"column":0},"end":{"line":1,"column":null}},"1":{"start":{"line":13,"column":0},"end":{"line":13,"column":48}},"2":{"start":{"line":26,"column":24},"end":{"line":26,"column":38}},"3":{"start":{"line":44,"column":32},"end":{"line":44,"column":35}},"4":{"start":{"line":49,"column":30},"end":{"line":49,"column":34}},"5":{"start":{"line":15,"column":0},"end":{"line":15,"column":13}},"6":{"start":{"line":18,"column":2},"end":{"line":18,"column":null}},"7":{"start":{"line":22,"column":2},"end":{"line":22,"column":null}},"8":{"start":{"line":26,"column":2},"end":{"line":26,"column":null}},"9":{"start":{"line":30,"column":2},"end":{"line":30,"column":null}},"10":{"start":{"line":34,"column":2},"end":{"line":34,"column":null}},"11":{"start":{"line":39,"column":2},"end":{"line":39,"column":25}},"12":{"start":{"line":44,"column":2},"end":{"line":44,"column":null}},"13":{"start":{"line":49,"column":2},"end":{"line":49,"column":36}}},"fnMap":{},"branchMap":{"0":{"loc":{"start":{"line":26,"column":11},"end":{"line":26,"column":24}},"type":"cond-expr","locations":[{"start":{"line":26,"column":21},"end":{"line":26,"column":24}},{"start":{"line":26,"column":21},"end":{"line":26,"column":24}}]},"1":{"loc":{"start":{"line":26,"column":11},"end":{"line":26,"column":21}},"type":"binary-expr","locations":[{"start":{"line":26,"column":11},"end":{"line":26,"column":24}},{"start":{"line":26,"column":11},"end":{"line":26,"column":21}}]},"2":{"loc":{"start":{"line":30,"column":12},"end":{"line":30,"column":35}},"type":"cond-expr","locations":[{"start":{"line":30,"column":18},"end":{"line":30,"column":35}},{"start":{"line":30,"column":18},"end":{"line":30,"column":35}}]},"3":{"loc":{"start":{"line":30,"column":12},"end":{"line":30,"column":18}},"type":"binary-expr","locations":[{"start":{"line":30,"column":12},"end":{"line":30,"column":35}},{"start":{"line":30,"column":12},"end":{"line":30,"column":18}}]},"4":{"loc":{"start":{"line":34,"column":9},"end":{"line":34,"column":29}},"type":"cond-expr","locations":[{"start":{"line":34,"column":15},"end":{"line":34,"column":29}},{"start":{"line":34,"column":15},"end":{"line":34,"column":29}}]},"5":{"loc":{"start":{"line":34,"column":9},"end":{"line":34,"column":15}},"type":"binary-expr","locations":[{"start":{"line":34,"column":9},"end":{"line":34,"column":29}},{"start":{"line":34,"column":9},"end":{"line":34,"column":15}}]}},"s":{"0":1,"1":1,"2":0,"3":0,"4":0,"5":1,"6":1,"7":1,"8":1,"9":1,"10":1,"11":1,"12":1,"13":1},"f":{},"b":{"0":[0,1],"1":[1,1],"2":[0,1],"3":[1,0],"4":[0,1],"5":[1,0]}}
,"D:\\Workspace\\vigil\\backend\\src\\modules\\endpoint\\dto\\endpoint-list-query.dto.ts": {"path":"D:\\Workspace\\vigil\\backend\\src\\modules\\endpoint\\dto\\endpoint-list-query.dto.ts","statementMap":{"0":{"start":{"line":1,"column":0},"end":{"line":1,"column":41}},"1":{"start":{"line":2,"column":0},"end":{"line":2,"column":84}},"2":{"start":{"line":3,"column":0},"end":{"line":3,"column":52}},"3":{"start":{"line":5,"column":0},"end":{"line":5,"column":null}},"4":{"start":{"line":6,"column":2},"end":{"line":6,"column":null}},"5":{"start":{"line":7,"column":2},"end":{"line":7,"column":null}},"6":{"start":{"line":8,"column":2},"end":{"line":8,"column":null}},"7":{"start":{"line":9,"column":2},"end":{"line":9,"column":null}},"8":{"start":{"line":12,"column":0},"end":{"line":12,"column":null}},"9":{"start":{"line":13,"column":2},"end":{"line":13,"column":null}},"10":{"start":{"line":14,"column":2},"end":{"line":14,"column":null}},"11":{"start":{"line":22,"column":18},"end":{"line":22,"column":19}},"12":{"start":{"line":29,"column":19},"end":{"line":29,"column":21}},"13":{"start":{"line":42,"column":20},"end":{"line":42,"column":34}},"14":{"start":{"line":46,"column":18},"end":{"line":46,"column":28}},"15":{"start":{"line":17,"column":0},"end":{"line":17,"column":13}},"16":{"start":{"line":22,"column":2},"end":{"line":22,"column":null}},"17":{"start":{"line":19,"column":14},"end":{"line":19,"column":20}},"18":{"start":{"line":29,"column":2},"end":{"line":29,"column":null}},"19":{"start":{"line":25,"column":14},"end":{"line":25,"column":20}},"20":{"start":{"line":33,"column":2},"end":{"line":33,"column":null}},"21":{"start":{"line":38,"column":2},"end":{"line":38,"column":null}},"22":{"start":{"line":36,"column":14},"end":{"line":36,"column":21}},"23":{"start":{"line":42,"column":2},"end":{"line":42,"column":null}},"24":{"start":{"line":46,"column":2},"end":{"line":46,"column":null}}},"fnMap":{"0":{"name":"(anonymous_2)","decl":{"start":{"line":5,"column":0},"end":{"line":5,"column":12}},"loc":{"start":{"line":5,"column":18},"end":{"line":10,"column":1}}},"1":{"name":"(anonymous_3)","decl":{"start":{"line":12,"column":0},"end":{"line":12,"column":12}},"loc":{"start":{"line":12,"column":17},"end":{"line":15,"column":1}}},"2":{"name":"(anonymous_4)","decl":{"start":{"line":19,"column":8},"end":{"line":19,"column":11}},"loc":{"start":{"line":19,"column":14},"end":{"line":19,"column":20}}},"3":{"name":"(anonymous_5)","decl":{"start":{"line":25,"column":8},"end":{"line":25,"column":11}},"loc":{"start":{"line":25,"column":14},"end":{"line":25,"column":20}}},"4":{"name":"(anonymous_6)","decl":{"start":{"line":36,"column":8},"end":{"line":36,"column":11}},"loc":{"start":{"line":36,"column":14},"end":{"line":36,"column":21}}}},"branchMap":{"0":{"loc":{"start":{"line":5,"column":12},"end":{"line":5,"column":null}},"type":"binary-expr","locations":[{"start":{"line":5,"column":12},"end":{"line":5,"column":18}},{"start":{"line":5,"column":18},"end":{"line":5,"column":null}}]},"1":{"loc":{"start":{"line":12,"column":12},"end":{"line":12,"column":null}},"type":"binary-expr","locations":[{"start":{"line":12,"column":12},"end":{"line":12,"column":17}},{"start":{"line":12,"column":17},"end":{"line":12,"column":null}}]},"2":{"loc":{"start":{"line":33,"column":11},"end":{"line":33,"column":26}},"type":"cond-expr","locations":[{"start":{"line":33,"column":25},"end":{"line":33,"column":26}},{"start":{"line":33,"column":25},"end":{"line":33,"column":26}}]},"3":{"loc":{"start":{"line":33,"column":11},"end":{"line":33,"column":25}},"type":"binary-expr","locations":[{"start":{"line":33,"column":11},"end":{"line":33,"column":26}},{"start":{"line":33,"column":11},"end":{"line":33,"column":25}}]}},"s":{"0":1,"1":1,"2":1,"3":1,"4":1,"5":1,"6":1,"7":1,"8":1,"9":1,"10":1,"11":0,"12":0,"13":0,"14":0,"15":1,"16":1,"17":0,"18":1,"19":0,"20":1,"21":1,"22":0,"23":1,"24":1},"f":{"0":1,"1":1,"2":0,"3":0,"4":0},"b":{"0":[1,1],"1":[1,1],"2":[0,1],"3":[1,1]}}
,"D:\\Workspace\\vigil\\backend\\src\\modules\\endpoint\\dto\\index.ts": {"path":"D:\\Workspace\\vigil\\backend\\src\\modules\\endpoint\\dto\\index.ts","statementMap":{"0":{"start":{"line":1,"column":0},"end":{"line":1,"column":38}},"1":{"start":{"line":2,"column":0},"end":{"line":2,"column":38}},"2":{"start":{"line":3,"column":0},"end":{"line":3,"column":42}}},"fnMap":{},"branchMap":{},"s":{"0":1,"1":1,"2":1},"f":{},"b":{}}
,"D:\\Workspace\\vigil\\backend\\src\\modules\\endpoint\\dto\\update-endpoint.dto.ts": {"path":"D:\\Workspace\\vigil\\backend\\src\\modules\\endpoint\\dto\\update-endpoint.dto.ts","statementMap":{"0":{"start":{"line":1,"column":0},"end":{"line":1,"column":51}},"1":{"start":{"line":2,"column":0},"end":{"line":2,"column":58}},"2":{"start":{"line":4,"column":0},"end":{"line":4,"column":13}}},"fnMap":{},"branchMap":{},"s":{"0":1,"1":1,"2":1},"f":{},"b":{}}
,"D:\\Workspace\\vigil\\backend\\src\\modules\\health-check\\check-result.entity.ts": {"path":"D:\\Workspace\\vigil\\backend\\src\\modules\\health-check\\check-result.entity.ts","statementMap":{"0":{"start":{"line":1,"column":0},"end":{"line":1,"column":null}},"1":{"start":{"line":10,"column":0},"end":{"line":10,"column":55}},"2":{"start":{"line":12,"column":0},"end":{"line":12,"column":null}},"3":{"start":{"line":13,"column":2},"end":{"line":13,"column":null}},"4":{"start":{"line":14,"column":2},"end":{"line":14,"column":null}},"5":{"start":{"line":19,"column":7},"end":{"line":51,"column":null}},"6":{"start":{"line":19,"column":13},"end":{"line":19,"column":24}},"7":{"start":{"line":21,"column":2},"end":{"line":21,"column":null}},"8":{"start":{"line":25,"column":2},"end":{"line":25,"column":null}},"9":{"start":{"line":31,"column":2},"end":{"line":31,"column":null}},"10":{"start":{"line":27,"column":19},"end":{"line":27,"column":27}},"11":{"start":{"line":27,"column":43},"end":{"line":27,"column":64}},"12":{"start":{"line":37,"column":2},"end":{"line":37,"column":null}},"13":{"start":{"line":40,"column":2},"end":{"line":40,"column":null}},"14":{"start":{"line":43,"column":2},"end":{"line":43,"column":null}},"15":{"start":{"line":46,"column":2},"end":{"line":46,"column":null}},"16":{"start":{"line":50,"column":2},"end":{"line":50,"column":null}},"17":{"start":{"line":19,"column":13},"end":{"line":51,"column":null}}},"fnMap":{"0":{"name":"(anonymous_2)","decl":{"start":{"line":12,"column":0},"end":{"line":12,"column":12}},"loc":{"start":{"line":12,"column":23},"end":{"line":15,"column":1}}},"1":{"name":"(anonymous_3)","decl":{"start":{"line":27,"column":13},"end":{"line":27,"column":16}},"loc":{"start":{"line":27,"column":19},"end":{"line":27,"column":27}}},"2":{"name":"(anonymous_4)","decl":{"start":{"line":27,"column":29},"end":{"line":27,"column":30}},"loc":{"start":{"line":27,"column":43},"end":{"line":27,"column":64}}}},"branchMap":{"0":{"loc":{"start":{"line":12,"column":12},"end":{"line":12,"column":null}},"type":"binary-expr","locations":[{"start":{"line":12,"column":12},"end":{"line":12,"column":23}},{"start":{"line":12,"column":23},"end":{"line":12,"column":null}}]},"1":{"loc":{"start":{"line":31,"column":12},"end":{"line":31,"column":21}},"type":"cond-expr","locations":[{"start":{"line":31,"column":20},"end":{"line":31,"column":21}},{"start":{"line":31,"column":20},"end":{"line":31,"column":21}}]},"2":{"loc":{"start":{"line":31,"column":12},"end":{"line":31,"column":20}},"type":"binary-expr","locations":[{"start":{"line":31,"column":12},"end":{"line":31,"column":21}},{"start":{"line":31,"column":12},"end":{"line":31,"column":20}}]},"3":{"loc":{"start":{"line":50,"column":13},"end":{"line":50,"column":18}},"type":"cond-expr","locations":[{"start":{"line":50,"column":17},"end":{"line":50,"column":18}},{"start":{"line":50,"column":17},"end":{"line":50,"column":18}}]},"4":{"loc":{"start":{"line":50,"column":13},"end":{"line":50,"column":17}},"type":"binary-expr","locations":[{"start":{"line":50,"column":13},"end":{"line":50,"column":18}},{"start":{"line":50,"column":13},"end":{"line":50,"column":17}}]}},"s":{"0":10,"1":10,"2":10,"3":10,"4":10,"5":10,"6":10,"7":10,"8":10,"9":10,"10":0,"11":0,"12":10,"13":10,"14":10,"15":10,"16":10,"17":10},"f":{"0":10,"1":0,"2":0},"b":{"0":[10,10],"1":[4,6],"2":[10,4],"3":[10,0],"4":[10,10]}}
,"D:\\Workspace\\vigil\\backend\\src\\modules\\health-check\\health-check.module.ts": {"path":"D:\\Workspace\\vigil\\backend\\src\\modules\\health-check\\health-check.module.ts","statementMap":{"0":{"start":{"line":1,"column":0},"end":{"line":1,"column":40}},"1":{"start":{"line":2,"column":0},"end":{"line":2,"column":42}},"2":{"start":{"line":3,"column":0},"end":{"line":3,"column":48}},"3":{"start":{"line":4,"column":0},"end":{"line":4,"column":43}},"4":{"start":{"line":6,"column":0},"end":{"line":6,"column":60}},"5":{"start":{"line":7,"column":0},"end":{"line":7,"column":64}},"6":{"start":{"line":8,"column":0},"end":{"line":8,"column":55}},"7":{"start":{"line":9,"column":0},"end":{"line":9,"column":52}},"8":{"start":{"line":10,"column":0},"end":{"line":10,"column":55}},"9":{"start":{"line":11,"column":0},"end":{"line":11,"column":73}},"10":{"start":{"line":25,"column":7},"end":{"line":25,"column":null}},"11":{"start":{"line":25,"column":13},"end":{"line":25,"column":30}},"12":{"start":{"line":25,"column":13},"end":{"line":25,"column":null}}},"fnMap":{},"branchMap":{},"s":{"0":0,"1":0,"2":0,"3":0,"4":0,"5":0,"6":0,"7":0,"8":0,"9":0,"10":0,"11":0,"12":0},"f":{},"b":{}}
,"D:\\Workspace\\vigil\\backend\\src\\modules\\health-check\\health-check.processor.ts": {"path":"D:\\Workspace\\vigil\\backend\\src\\modules\\health-check\\health-check.processor.ts","statementMap":{"0":{"start":{"line":1,"column":0},"end":{"line":1,"column":70}},"1":{"start":{"line":2,"column":0},"end":{"line":2,"column":52}},"2":{"start":{"line":4,"column":0},"end":{"line":4,"column":51}},"3":{"start":{"line":5,"column":0},"end":{"line":5,"column":45}},"4":{"start":{"line":6,"column":0},"end":{"line":6,"column":44}},"5":{"start":{"line":8,"column":0},"end":{"line":8,"column":71}},"6":{"start":{"line":9,"column":0},"end":{"line":9,"column":65}},"7":{"start":{"line":10,"column":0},"end":{"line":10,"column":55}},"8":{"start":{"line":11,"column":0},"end":{"line":11,"column":84}},"9":{"start":{"line":12,"column":0},"end":{"line":12,"column":66}},"10":{"start":{"line":22,"column":33},"end":{"line":331,"column":null}},"11":{"start":{"line":23,"column":28},"end":{"line":23,"column":65}},"12":{"start":{"line":27,"column":12},"end":{"line":27,"column":32}},"13":{"start":{"line":29,"column":12},"end":{"line":29,"column":35}},"14":{"start":{"line":31,"column":12},"end":{"line":31,"column":32}},"15":{"start":{"line":32,"column":12},"end":{"line":32,"column":25}},"16":{"start":{"line":33,"column":12},"end":{"line":33,"column":33}},"17":{"start":{"line":34,"column":12},"end":{"line":34,"column":30}},"18":{"start":{"line":39,"column":27},"end":{"line":39,"column":35}},"19":{"start":{"line":41,"column":4},"end":{"line":114,"column":5}},"20":{"start":{"line":43,"column":23},"end":{"line":45,"column":8}},"21":{"start":{"line":47,"column":6},"end":{"line":49,"column":7}},"22":{"start":{"line":48,"column":8},"end":{"line":48,"column":61}},"23":{"start":{"line":51,"column":6},"end":{"line":54,"column":7}},"24":{"start":{"line":52,"column":8},"end":{"line":52,"column":77}},"25":{"start":{"line":53,"column":8},"end":{"line":53,"column":20}},"26":{"start":{"line":57,"column":26},"end":{"line":57,"column":65}},"27":{"start":{"line":60,"column":26},"end":{"line":60,"column":76}},"28":{"start":{"line":63,"column":6},"end":{"line":70,"column":9}},"29":{"start":{"line":73,"column":29},"end":{"line":73,"column":51}},"30":{"start":{"line":76,"column":6},"end":{"line":76,"column":61}},"31":{"start":{"line":79,"column":6},"end":{"line":89,"column":7}},"32":{"start":{"line":80,"column":8},"end":{"line":88,"column":11}},"33":{"start":{"line":92,"column":6},"end":{"line":92,"column":69}},"34":{"start":{"line":95,"column":6},"end":{"line":102,"column":7}},"35":{"start":{"line":96,"column":8},"end":{"line":101,"column":10}},"36":{"start":{"line":104,"column":6},"end":{"line":106,"column":8}},"37":{"start":{"line":108,"column":6},"end":{"line":108,"column":25}},"38":{"start":{"line":110,"column":6},"end":{"line":112,"column":8}},"39":{"start":{"line":113,"column":6},"end":{"line":113,"column":18}},"40":{"start":{"line":121,"column":22},"end":{"line":121,"column":32}},"41":{"start":{"line":123,"column":4},"end":{"line":162,"column":5}},"42":{"start":{"line":124,"column":23},"end":{"line":131,"column":8}},"43":{"start":{"line":130,"column":30},"end":{"line":130,"column":34}},"44":{"start":{"line":133,"column":27},"end":{"line":133,"column":49}},"45":{"start":{"line":135,"column":26},"end":{"line":135,"column":43}},"46":{"start":{"line":136,"column":6},"end":{"line":136,"column":38}},"47":{"start":{"line":137,"column":6},"end":{"line":137,"column":43}},"48":{"start":{"line":138,"column":6},"end":{"line":138,"column":46}},"49":{"start":{"line":139,"column":6},"end":{"line":139,"column":47}},"50":{"start":{"line":141,"column":6},"end":{"line":147,"column":7}},"51":{"start":{"line":142,"column":8},"end":{"line":142,"column":49}},"52":{"start":{"line":143,"column":8},"end":{"line":143,"column":40}},"53":{"start":{"line":145,"column":8},"end":{"line":145,"column":49}},"54":{"start":{"line":146,"column":8},"end":{"line":146,"column":101}},"55":{"start":{"line":149,"column":6},"end":{"line":149,"column":25}},"56":{"start":{"line":151,"column":27},"end":{"line":151,"column":49}},"57":{"start":{"line":153,"column":26},"end":{"line":153,"column":43}},"58":{"start":{"line":154,"column":6},"end":{"line":154,"column":38}},"59":{"start":{"line":155,"column":6},"end":{"line":155,"column":43}},"60":{"start":{"line":156,"column":6},"end":{"line":156,"column":47}},"61":{"start":{"line":157,"column":6},"end":{"line":157,"column":46}},"62":{"start":{"line":158,"column":6},"end":{"line":158,"column":36}},"63":{"start":{"line":159,"column":6},"end":{"line":159,"column":61}},"64":{"start":{"line":161,"column":6},"end":{"line":161,"column":25}},"65":{"start":{"line":169,"column":4},"end":{"line":174,"column":5}},"66":{"start":{"line":173,"column":6},"end":{"line":173,"column":32}},"67":{"start":{"line":175,"column":4},"end":{"line":177,"column":5}},"68":{"start":{"line":176,"column":6},"end":{"line":176,"column":37}},"69":{"start":{"line":178,"column":4},"end":{"line":180,"column":5}},"70":{"start":{"line":179,"column":6},"end":{"line":179,"column":34}},"71":{"start":{"line":181,"column":4},"end":{"line":183,"column":5}},"72":{"start":{"line":182,"column":6},"end":{"line":182,"column":38}},"73":{"start":{"line":184,"column":4},"end":{"line":186,"column":5}},"74":{"start":{"line":185,"column":6},"end":{"line":185,"column":35}},"75":{"start":{"line":187,"column":4},"end":{"line":189,"column":5}},"76":{"start":{"line":188,"column":6},"end":{"line":188,"column":32}},"77":{"start":{"line":190,"column":4},"end":{"line":190,"column":44}},"78":{"start":{"line":200,"column":22},"end":{"line":200,"column":65}},"79":{"start":{"line":202,"column":4},"end":{"line":202,"column":39}},"80":{"start":{"line":203,"column":4},"end":{"line":203,"column":57}},"81":{"start":{"line":204,"column":4},"end":{"line":204,"column":40}},"82":{"start":{"line":207,"column":4},"end":{"line":211,"column":5}},"83":{"start":{"line":208,"column":6},"end":{"line":208,"column":39}},"84":{"start":{"line":210,"column":6},"end":{"line":210,"column":37}},"85":{"start":{"line":213,"column":4},"end":{"line":213,"column":49}},"86":{"start":{"line":228,"column":4},"end":{"line":235,"column":5}},"87":{"start":{"line":230,"column":6},"end":{"line":232,"column":7}},"88":{"start":{"line":231,"column":8},"end":{"line":231,"column":35}},"89":{"start":{"line":234,"column":6},"end":{"line":234,"column":36}},"90":{"start":{"line":238,"column":24},"end":{"line":238,"column":55}},"91":{"start":{"line":240,"column":4},"end":{"line":245,"column":5}},"92":{"start":{"line":244,"column":6},"end":{"line":244,"column":37}},"93":{"start":{"line":247,"column":4},"end":{"line":247,"column":29}},"94":{"start":{"line":260,"column":22},"end":{"line":260,"column":44}},"95":{"start":{"line":263,"column":27},"end":{"line":268,"column":6}},"96":{"start":{"line":270,"column":4},"end":{"line":314,"column":5}},"97":{"start":{"line":272,"column":23},"end":{"line":272,"column":37}},"98":{"start":{"line":273,"column":6},"end":{"line":273,"column":35}},"99":{"start":{"line":274,"column":6},"end":{"line":274,"column":40}},"100":{"start":{"line":275,"column":6},"end":{"line":275,"column":38}},"101":{"start":{"line":276,"column":6},"end":{"line":276,"column":59}},"102":{"start":{"line":277,"column":6},"end":{"line":277,"column":55}},"103":{"start":{"line":279,"column":28},"end":{"line":279,"column":72}},"104":{"start":{"line":282,"column":6},"end":{"line":288,"column":9}},"105":{"start":{"line":290,"column":6},"end":{"line":292,"column":8}},"106":{"start":{"line":293,"column":11},"end":{"line":314,"column":5}},"107":{"start":{"line":295,"column":6},"end":{"line":295,"column":45}},"108":{"start":{"line":296,"column":6},"end":{"line":298,"column":43}},"109":{"start":{"line":300,"column":28},"end":{"line":300,"column":78}},"110":{"start":{"line":303,"column":6},"end":{"line":309,"column":9}},"111":{"start":{"line":311,"column":6},"end":{"line":313,"column":8}},"112":{"start":{"line":329,"column":4},"end":{"line":329,"column":75}},"113":{"start":{"line":22,"column":13},"end":{"line":22,"column":33}},"114":{"start":{"line":38,"column":8},"end":{"line":115,"column":null}},"115":{"start":{"line":328,"column":2},"end":{"line":330,"column":null}},"116":{"start":{"line":22,"column":13},"end":{"line":331,"column":null}}},"fnMap":{"0":{"name":"(anonymous_4)","decl":{"start":{"line":25,"column":2},"end":{"line":25,"column":null}},"loc":{"start":{"line":34,"column":46},"end":{"line":35,"column":6}}},"1":{"name":"(anonymous_5)","decl":{"start":{"line":38,"column":8},"end":{"line":38,"column":25}},"loc":{"start":{"line":38,"column":54},"end":{"line":115,"column":3}}},"2":{"name":"(anonymous_6)","decl":{"start":{"line":120,"column":10},"end":{"line":120,"column":15}},"loc":{"start":{"line":120,"column":53},"end":{"line":163,"column":3}}},"3":{"name":"(anonymous_7)","decl":{"start":{"line":130,"column":24},"end":{"line":130,"column":27}},"loc":{"start":{"line":130,"column":30},"end":{"line":130,"column":34}}},"4":{"name":"(anonymous_8)","decl":{"start":{"line":168,"column":10},"end":{"line":168,"column":25}},"loc":{"start":{"line":168,"column":36},"end":{"line":191,"column":3}}},"5":{"name":"(anonymous_9)","decl":{"start":{"line":196,"column":10},"end":{"line":196,"column":15}},"loc":{"start":{"line":198,"column":28},"end":{"line":214,"column":3}}},"6":{"name":"(anonymous_10)","decl":{"start":{"line":224,"column":10},"end":{"line":224,"column":25}},"loc":{"start":{"line":226,"column":28},"end":{"line":248,"column":3}}},"7":{"name":"(anonymous_11)","decl":{"start":{"line":256,"column":10},"end":{"line":256,"column":15}},"loc":{"start":{"line":258,"column":28},"end":{"line":315,"column":3}}},"8":{"name":"(anonymous_12)","decl":{"start":{"line":320,"column":10},"end":{"line":320,"column":15}},"loc":{"start":{"line":322,"column":28},"end":{"line":325,"column":3}}},"9":{"name":"(anonymous_13)","decl":{"start":{"line":328,"column":2},"end":{"line":328,"column":20}},"loc":{"start":{"line":328,"column":33},"end":{"line":330,"column":3}}}},"branchMap":{"0":{"loc":{"start":{"line":47,"column":6},"end":{"line":49,"column":7}},"type":"if","locations":[{"start":{"line":47,"column":6},"end":{"line":49,"column":7}},{"start":{},"end":{}}]},"1":{"loc":{"start":{"line":51,"column":6},"end":{"line":54,"column":7}},"type":"if","locations":[{"start":{"line":51,"column":6},"end":{"line":54,"column":7}},{"start":{},"end":{}}]},"2":{"loc":{"start":{"line":66,"column":22},"end":{"line":66,"column":51}},"type":"binary-expr","locations":[{"start":{"line":66,"column":22},"end":{"line":66,"column":46}},{"start":{"line":66,"column":50},"end":{"line":66,"column":51}}]},"3":{"loc":{"start":{"line":67,"column":20},"end":{"line":67,"column":55}},"type":"binary-expr","locations":[{"start":{"line":67,"column":20},"end":{"line":67,"column":42}},{"start":{"line":67,"column":46},"end":{"line":67,"column":55}}]},"4":{"loc":{"start":{"line":68,"column":22},"end":{"line":68,"column":59}},"type":"binary-expr","locations":[{"start":{"line":68,"column":22},"end":{"line":68,"column":46}},{"start":{"line":68,"column":50},"end":{"line":68,"column":59}}]},"5":{"loc":{"start":{"line":79,"column":6},"end":{"line":89,"column":7}},"type":"if","locations":[{"start":{"line":79,"column":6},"end":{"line":89,"column":7}},{"start":{},"end":{}}]},"6":{"loc":{"start":{"line":85,"column":24},"end":{"line":85,"column":53}},"type":"binary-expr","locations":[{"start":{"line":85,"column":24},"end":{"line":85,"column":48}},{"start":{"line":85,"column":52},"end":{"line":85,"column":53}}]},"7":{"loc":{"start":{"line":86,"column":24},"end":{"line":86,"column":61}},"type":"binary-expr","locations":[{"start":{"line":86,"column":24},"end":{"line":86,"column":48}},{"start":{"line":86,"column":52},"end":{"line":86,"column":61}}]},"8":{"loc":{"start":{"line":95,"column":6},"end":{"line":102,"column":7}},"type":"if","locations":[{"start":{"line":95,"column":6},"end":{"line":102,"column":7}},{"start":{},"end":{}}]},"9":{"loc":{"start":{"line":127,"column":17},"end":{"line":127,"column":39}},"type":"binary-expr","locations":[{"start":{"line":127,"column":17},"end":{"line":127,"column":33}},{"start":{"line":127,"column":37},"end":{"line":127,"column":39}}]},"10":{"loc":{"start":{"line":141,"column":6},"end":{"line":147,"column":7}},"type":"if","locations":[{"start":{"line":141,"column":6},"end":{"line":147,"column":7}},{"start":{"line":144,"column":13},"end":{"line":147,"column":7}}]},"11":{"loc":{"start":{"line":169,"column":4},"end":{"line":174,"column":5}},"type":"if","locations":[{"start":{"line":169,"column":4},"end":{"line":174,"column":5}},{"start":{},"end":{}}]},"12":{"loc":{"start":{"line":170,"column":6},"end":{"line":171,"column":53}},"type":"binary-expr","locations":[{"start":{"line":170,"column":6},"end":{"line":170,"column":35}},{"start":{"line":171,"column":6},"end":{"line":171,"column":53}}]},"13":{"loc":{"start":{"line":175,"column":4},"end":{"line":177,"column":5}},"type":"if","locations":[{"start":{"line":175,"column":4},"end":{"line":177,"column":5}},{"start":{},"end":{}}]},"14":{"loc":{"start":{"line":178,"column":4},"end":{"line":180,"column":5}},"type":"if","locations":[{"start":{"line":178,"column":4},"end":{"line":180,"column":5}},{"start":{},"end":{}}]},"15":{"loc":{"start":{"line":181,"column":4},"end":{"line":183,"column":5}},"type":"if","locations":[{"start":{"line":181,"column":4},"end":{"line":183,"column":5}},{"start":{},"end":{}}]},"16":{"loc":{"start":{"line":184,"column":4},"end":{"line":186,"column":5}},"type":"if","locations":[{"start":{"line":184,"column":4},"end":{"line":186,"column":5}},{"start":{},"end":{}}]},"17":{"loc":{"start":{"line":187,"column":4},"end":{"line":189,"column":5}},"type":"if","locations":[{"start":{"line":187,"column":4},"end":{"line":189,"column":5}},{"start":{},"end":{}}]},"18":{"loc":{"start":{"line":187,"column":8},"end":{"line":187,"column":58}},"type":"binary-expr","locations":[{"start":{"line":187,"column":8},"end":{"line":187,"column":21}},{"start":{"line":187,"column":25},"end":{"line":187,"column":58}}]},"19":{"loc":{"start":{"line":190,"column":11},"end":{"line":190,"column":43}},"type":"binary-expr","locations":[{"start":{"line":190,"column":11},"end":{"line":190,"column":24}},{"start":{"line":190,"column":28},"end":{"line":190,"column":43}}]},"20":{"loc":{"start":{"line":207,"column":4},"end":{"line":211,"column":5}},"type":"if","locations":[{"start":{"line":207,"column":4},"end":{"line":211,"column":5}},{"start":{"line":209,"column":11},"end":{"line":211,"column":5}}]},"21":{"loc":{"start":{"line":228,"column":4},"end":{"line":235,"column":5}},"type":"if","locations":[{"start":{"line":228,"column":4},"end":{"line":235,"column":5}},{"start":{},"end":{}}]},"22":{"loc":{"start":{"line":230,"column":6},"end":{"line":232,"column":7}},"type":"if","locations":[{"start":{"line":230,"column":6},"end":{"line":232,"column":7}},{"start":{},"end":{}}]},"23":{"loc":{"start":{"line":240,"column":4},"end":{"line":245,"column":5}},"type":"if","locations":[{"start":{"line":240,"column":4},"end":{"line":245,"column":5}},{"start":{},"end":{}}]},"24":{"loc":{"start":{"line":241,"column":6},"end":{"line":242,"column":44}},"type":"binary-expr","locations":[{"start":{"line":241,"column":6},"end":{"line":241,"column":39}},{"start":{"line":242,"column":6},"end":{"line":242,"column":44}}]},"25":{"loc":{"start":{"line":270,"column":4},"end":{"line":314,"column":5}},"type":"if","locations":[{"start":{"line":270,"column":4},"end":{"line":314,"column":5}},{"start":{"line":293,"column":11},"end":{"line":314,"column":5}}]},"26":{"loc":{"start":{"line":270,"column":8},"end":{"line":270,"column":60}},"type":"binary-expr","locations":[{"start":{"line":270,"column":8},"end":{"line":270,"column":41}},{"start":{"line":270,"column":45},"end":{"line":270,"column":60}}]},"27":{"loc":{"start":{"line":293,"column":11},"end":{"line":314,"column":5}},"type":"if","locations":[{"start":{"line":293,"column":11},"end":{"line":314,"column":5}},{"start":{},"end":{}}]},"28":{"loc":{"start":{"line":293,"column":15},"end":{"line":293,"column":66}},"type":"binary-expr","locations":[{"start":{"line":293,"column":15},"end":{"line":293,"column":48}},{"start":{"line":293,"column":52},"end":{"line":293,"column":66}}]},"29":{"loc":{"start":{"line":306,"column":20},"end":{"line":306,"column":58}},"type":"binary-expr","locations":[{"start":{"line":306,"column":20},"end":{"line":306,"column":44}},{"start":{"line":306,"column":48},"end":{"line":306,"column":58}}]},"30":{"loc":{"start":{"line":307,"column":18},"end":{"line":307,"column":45}},"type":"binary-expr","locations":[{"start":{"line":307,"column":18},"end":{"line":307,"column":40}},{"start":{"line":307,"column":44},"end":{"line":307,"column":45}}]},"31":{"loc":{"start":{"line":38,"column":57},"end":{"line":38,"column":null}},"type":"cond-expr","locations":[{"start":{"line":38,"column":64},"end":{"line":38,"column":null}},{"start":{"line":38,"column":64},"end":{"line":38,"column":null}}]},"32":{"loc":{"start":{"line":38,"column":57},"end":{"line":38,"column":64}},"type":"binary-expr","locations":[{"start":{"line":38,"column":57},"end":{"line":38,"column":null}},{"start":{"line":38,"column":57},"end":{"line":38,"column":64}}]},"33":{"loc":{"start":{"line":328,"column":28},"end":{"line":328,"column":null}},"type":"cond-expr","locations":[{"start":{"line":328,"column":33},"end":{"line":328,"column":null}},{"start":{"line":328,"column":33},"end":{"line":328,"column":null}}]},"34":{"loc":{"start":{"line":328,"column":28},"end":{"line":328,"column":33}},"type":"binary-expr","locations":[{"start":{"line":328,"column":28},"end":{"line":328,"column":null}},{"start":{"line":328,"column":28},"end":{"line":328,"column":33}}]},"35":{"loc":{"start":{"line":27,"column":32},"end":{"line":27,"column":52}},"type":"cond-expr","locations":[{"start":{"line":27,"column":42},"end":{"line":27,"column":52}},{"start":{"line":27,"column":42},"end":{"line":27,"column":52}}]},"36":{"loc":{"start":{"line":27,"column":32},"end":{"line":27,"column":42}},"type":"binary-expr","locations":[{"start":{"line":27,"column":32},"end":{"line":27,"column":52}},{"start":{"line":27,"column":32},"end":{"line":27,"column":42}}]},"37":{"loc":{"start":{"line":27,"column":42},"end":{"line":29,"column":58}},"type":"cond-expr","locations":[{"start":{"line":29,"column":45},"end":{"line":29,"column":58}},{"start":{"line":29,"column":45},"end":{"line":29,"column":58}}]},"38":{"loc":{"start":{"line":27,"column":42},"end":{"line":29,"column":45}},"type":"binary-expr","locations":[{"start":{"line":27,"column":42},"end":{"line":29,"column":58}},{"start":{"line":29,"column":35},"end":{"line":29,"column":45}}]},"39":{"loc":{"start":{"line":29,"column":45},"end":{"line":31,"column":52}},"type":"cond-expr","locations":[{"start":{"line":31,"column":42},"end":{"line":31,"column":52}},{"start":{"line":31,"column":42},"end":{"line":31,"column":52}}]},"40":{"loc":{"start":{"line":29,"column":45},"end":{"line":31,"column":42}},"type":"binary-expr","locations":[{"start":{"line":29,"column":45},"end":{"line":31,"column":52}},{"start":{"line":31,"column":32},"end":{"line":31,"column":42}}]},"41":{"loc":{"start":{"line":31,"column":42},"end":{"line":32,"column":null}},"type":"cond-expr","locations":[{"start":{"line":32,"column":36},"end":{"line":32,"column":null}},{"start":{"line":32,"column":36},"end":{"line":32,"column":null}}]},"42":{"loc":{"start":{"line":31,"column":42},"end":{"line":32,"column":36}},"type":"binary-expr","locations":[{"start":{"line":31,"column":42},"end":{"line":32,"column":null}},{"start":{"line":32,"column":25},"end":{"line":32,"column":36}}]},"43":{"loc":{"start":{"line":32,"column":36},"end":{"line":33,"column":null}},"type":"cond-expr","locations":[{"start":{"line":33,"column":52},"end":{"line":33,"column":null}},{"start":{"line":33,"column":52},"end":{"line":33,"column":null}}]},"44":{"loc":{"start":{"line":32,"column":36},"end":{"line":33,"column":52}},"type":"binary-expr","locations":[{"start":{"line":32,"column":36},"end":{"line":33,"column":null}},{"start":{"line":33,"column":33},"end":{"line":33,"column":52}}]},"45":{"loc":{"start":{"line":33,"column":52},"end":{"line":34,"column":null}},"type":"cond-expr","locations":[{"start":{"line":34,"column":46},"end":{"line":34,"column":null}},{"start":{"line":34,"column":46},"end":{"line":34,"column":null}}]},"46":{"loc":{"start":{"line":33,"column":52},"end":{"line":34,"column":46}},"type":"binary-expr","locations":[{"start":{"line":33,"column":52},"end":{"line":34,"column":null}},{"start":{"line":34,"column":30},"end":{"line":34,"column":46}}]}},"s":{"0":1,"1":1,"2":1,"3":1,"4":1,"5":1,"6":1,"7":1,"8":1,"9":1,"10":1,"11":18,"12":18,"13":18,"14":18,"15":18,"16":18,"17":18,"18":18,"19":18,"20":18,"21":18,"22":1,"23":17,"24":1,"25":1,"26":16,"27":16,"28":16,"29":16,"30":16,"31":16,"32":3,"33":16,"34":16,"35":3,"36":16,"37":16,"38":1,"39":1,"40":16,"41":16,"42":16,"43":0,"44":6,"45":6,"46":6,"47":6,"48":6,"49":6,"50":6,"51":5,"52":5,"53":1,"54":1,"55":6,"56":10,"57":10,"58":10,"59":10,"60":10,"61":10,"62":10,"63":10,"64":10,"65":10,"66":1,"67":9,"68":1,"69":8,"70":4,"71":4,"72":1,"73":3,"74":1,"75":2,"76":1,"77":1,"78":16,"79":16,"80":16,"81":16,"82":16,"83":5,"84":11,"85":16,"86":16,"87":11,"88":5,"89":6,"90":5,"91":5,"92":0,"93":5,"94":16,"95":16,"96":16,"97":5,"98":5,"99":5,"100":5,"101":5,"102":5,"103":5,"104":5,"105":5,"106":11,"107":1,"108":1,"109":1,"110":1,"111":1,"112":0,"113":1,"114":1,"115":1,"116":1},"f":{"0":18,"1":18,"2":16,"3":0,"4":10,"5":16,"6":16,"7":16,"8":0,"9":0},"b":{"0":[1,17],"1":[1,16],"2":[16,15],"3":[16,10],"4":[16,5],"5":[3,13],"6":[3,3],"7":[3,2],"8":[3
[...]
,"D:\\Workspace\\vigil\\backend\\src\\modules\\statistics\\services\\uptime-calculator.service.ts": {"path":"D:\\Workspace\\vigil\\backend\\src\\modules\\statistics\\services\\uptime-calculator.service.ts","statementMap":{"0":{"start":{"line":1,"column":0},"end":{"line":1,"column":52}},"1":{"start":{"line":2,"column":0},"end":{"line":2,"column":51}},"2":{"start":{"line":3,"column":0},"end":{"line":3,"column":37}},"3":{"start":{"line":4,"column":0},"end":{"line":4,"column":null}},"4":{"start":{"line":9,"column":0},"end":{"line":9,"column":69}},"5":{"start":{"line":12,"column":36},"end":{"line":93,"column":null}},"6":{"start":{"line":13,"column":28},"end":{"line":13,"column":68}},"7":{"start":{"line":17,"column":12},"end":{"line":17,"column":35}},"8":{"start":{"line":24,"column":35},"end":{"line":24,"column":65}},"9":{"start":{"line":27,"column":19},"end":{"line":41,"column":18}},"10":{"start":{"line":43,"column":24},"end":{"line":43,"column":65}},"11":{"start":{"line":44,"column":29},"end":{"line":44,"column":75}},"12":{"start":{"line":46,"column":6},"end":{"line":46,"column":68}},"13":{"start":{"line":48,"column":4},"end":{"line":57,"column":6}},"14":{"start":{"line":64,"column":20},"end":{"line":64,"column":30}},"15":{"start":{"line":67,"column":4},"end":{"line":89,"column":5}},"16":{"start":{"line":69,"column":8},"end":{"line":69,"column":70}},"17":{"start":{"line":70,"column":8},"end":{"line":70,"column":14}},"18":{"start":{"line":72,"column":8},"end":{"line":72,"column":74}},"19":{"start":{"line":73,"column":8},"end":{"line":73,"column":14}},"20":{"start":{"line":75,"column":8},"end":{"line":75,"column":75}},"21":{"start":{"line":76,"column":8},"end":{"line":76,"column":14}},"22":{"start":{"line":78,"column":8},"end":{"line":85,"column":9}},"23":{"start":{"line":79,"column":10},"end":{"line":79,"column":48}},"24":{"start":{"line":80,"column":10},"end":{"line":82,"column":11}},"25":{"start":{"line":81,"column":12},"end":{"line":81,"column":67}},"26":{"start":{"line":84,"column":10},"end":{"line":84,"column":72}},"27":{"start":{"line":86,"column":8},"end":{"line":86,"column":14}},"28":{"start":{"line":88,"column":8},"end":{"line":88,"column":70}},"29":{"start":{"line":91,"column":4},"end":{"line":91,"column":34}},"30":{"start":{"line":12,"column":13},"end":{"line":12,"column":36}},"31":{"start":{"line":12,"column":13},"end":{"line":93,"column":null}}},"fnMap":{"0":{"name":"(anonymous_4)","decl":{"start":{"line":15,"column":2},"end":{"line":15,"column":null}},"loc":{"start":{"line":17,"column":58},"end":{"line":18,"column":6}}},"1":{"name":"(anonymous_5)","decl":{"start":{"line":20,"column":2},"end":{"line":20,"column":7}},"loc":{"start":{"line":22,"column":25},"end":{"line":58,"column":3}}},"2":{"name":"(anonymous_6)","decl":{"start":{"line":60,"column":10},"end":{"line":60,"column":28}},"loc":{"start":{"line":60,"column":50},"end":{"line":92,"column":3}}}},"branchMap":{"0":{"loc":{"start":{"line":43,"column":24},"end":{"line":43,"column":65}},"type":"binary-expr","locations":[{"start":{"line":43,"column":24},"end":{"line":43,"column":60}},{"start":{"line":43,"column":64},"end":{"line":43,"column":65}}]},"1":{"loc":{"start":{"line":43,"column":33},"end":{"line":43,"column":59}},"type":"binary-expr","locations":[{"start":{"line":43,"column":33},"end":{"line":43,"column":52}},{"start":{"line":43,"column":56},"end":{"line":43,"column":59}}]},"2":{"loc":{"start":{"line":44,"column":29},"end":{"line":44,"column":75}},"type":"binary-expr","locations":[{"start":{"line":44,"column":29},"end":{"line":44,"column":70}},{"start":{"line":44,"column":74},"end":{"line":44,"column":75}}]},"3":{"loc":{"start":{"line":44,"column":38},"end":{"line":44,"column":69}},"type":"binary-expr","locations":[{"start":{"line":44,"column":38},"end":{"line":44,"column":62}},{"start":{"line":44,"column":66},"end":{"line":44,"column":69}}]},"4":{"loc":{"start":{"line":46,"column":6},"end":{"line":46,"column":68}},"type":"cond-expr","locations":[{"start":{"line":46,"column":26},"end":{"line":46,"column":27}},{"start":{"line":46,"column":30},"end":{"line":46,"column":68}}]},"5":{"loc":{"start":{"line":50,"column":14},"end":{"line":50,"column":60}},"type":"binary-expr","locations":[{"start":{"line":50,"column":14},"end":{"line":50,"column":26}},{"start":{"line":50,"column":30},"end":{"line":50,"column":60}}]},"6":{"loc":{"start":{"line":54,"column":20},"end":{"line":54,"column":62}},"type":"binary-expr","locations":[{"start":{"line":54,"column":20},"end":{"line":54,"column":57}},{"start":{"line":54,"column":61},"end":{"line":54,"column":62}}]},"7":{"loc":{"start":{"line":54,"column":29},"end":{"line":54,"column":56}},"type":"binary-expr","locations":[{"start":{"line":54,"column":29},"end":{"line":54,"column":49}},{"start":{"line":54,"column":53},"end":{"line":54,"column":56}}]},"8":{"loc":{"start":{"line":67,"column":4},"end":{"line":89,"column":5}},"type":"switch","locations":[{"start":{"line":68,"column":6},"end":{"line":70,"column":14}},{"start":{"line":71,"column":6},"end":{"line":73,"column":14}},{"start":{"line":74,"column":6},"end":{"line":76,"column":14}},{"start":{"line":77,"column":6},"end":{"line":86,"column":14}},{"start":{"line":87,"column":6},"end":{"line":88,"column":70}}]},"9":{"loc":{"start":{"line":78,"column":8},"end":{"line":85,"column":9}},"type":"if","locations":[{"start":{"line":78,"column":8},"end":{"line":85,"column":9}},{"start":{"line":83,"column":15},"end":{"line":85,"column":9}}]},"10":{"loc":{"start":{"line":80,"column":10},"end":{"line":82,"column":11}},"type":"if","locations":[{"start":{"line":80,"column":10},"end":{"line":82,"column":11}},{"start":{},"end":{}}]},"11":{"loc":{"start":{"line":17,"column":35},"end":{"line":17,"column":58}},"type":"cond-expr","locations":[{"start":{"line":17,"column":45},"end":{"line":17,"column":58}},{"start":{"line":17,"column":45},"end":{"line":17,"column":58}}]},"12":{"loc":{"start":{"line":17,"column":35},"end":{"line":17,"column":45}},"type":"binary-expr","locations":[{"start":{"line":17,"column":35},"end":{"line":17,"column":58}},{"start":{"line":17,"column":35},"end":{"line":17,"column":45}}]}},"s":{"0":3,"1":3,"2":3,"3":3,"4":3,"5":3,"6":30,"7":30,"8":5,"9":5,"10":5,"11":5,"12":5,"13":5,"14":5,"15":5,"16":3,"17":3,"18":1,"19":1,"20":0,"21":0,"22":1,"23":1,"24":1,"25":1,"26":0,"27":0,"28":0,"29":4,"30":3,"31":3},"f":{"0":30,"1":5,"2":5},"b":{"0":[5,1],"1":[5,0],"2":[5,1],"3":[5,0],"4":[1,4],"5":[5,0],"6":[5,1],"7":[5,0],"8":[3,1,0,1,0],"9":[1,0],"10":[1,0],"11":[3,0],"12":[3,3]}}
,"D:\\Workspace\\vigil\\backend\\src\\modules\\websocket\\websocket.gateway.ts": {"path":"D:\\Workspace\\vigil\\backend\\src\\modules\\websocket\\websocket.gateway.ts","statementMap":{"0":{"start":{"line":1,"column":0},"end":{"line":1,"column":null}},"1":{"start":{"line":8,"column":0},"end":{"line":8,"column":42}},"2":{"start":{"line":9,"column":0},"end":{"line":9,"column":39}},"3":{"start":{"line":18,"column":29},"end":{"line":218,"column":null}},"4":{"start":{"line":22,"column":28},"end":{"line":22,"column":61}},"5":{"start":{"line":23,"column":27},"end":{"line":23,"column":57}},"6":{"start":{"line":29,"column":4},"end":{"line":29,"column":null}},"7":{"start":{"line":30,"column":4},"end":{"line":30,"column":null}},"8":{"start":{"line":37,"column":4},"end":{"line":37,"column":null}},"9":{"start":{"line":38,"column":4},"end":{"line":38,"column":null}},"10":{"start":{"line":46,"column":17},"end":{"line":46,"column":32}},"11":{"start":{"line":47,"column":4},"end":{"line":47,"column":null}},"12":{"start":{"line":48,"column":4},"end":{"line":48,"column":null}},"13":{"start":{"line":51,"column":4},"end":{"line":53,"column":5}},"14":{"start":{"line":52,"column":6},"end":{"line":52,"column":null}},"15":{"start":{"line":54,"column":4},"end":{"line":54,"column":null}},"16":{"start":{"line":62,"column":4},"end":{"line":64,"column":5}},"17":{"start":{"line":63,"column":6},"end":{"line":63,"column":12}},"18":{"start":{"line":66,"column":17},"end":{"line":66,"column":46}},"19":{"start":{"line":67,"column":4},"end":{"line":67,"column":null}},"20":{"start":{"line":68,"column":4},"end":{"line":68,"column":null}},"21":{"start":{"line":71,"column":4},"end":{"line":73,"column":5}},"22":{"start":{"line":72,"column":6},"end":{"line":72,"column":null}},"23":{"start":{"line":74,"column":4},"end":{"line":74,"column":null}},"24":{"start":{"line":82,"column":4},"end":{"line":84,"column":5}},"25":{"start":{"line":83,"column":6},"end":{"line":83,"column":12}},"26":{"start":{"line":86,"column":17},"end":{"line":86,"column":46}},"27":{"start":{"line":87,"column":4},"end":{"line":87,"column":null}},"28":{"start":{"line":88,"column":4},"end":{"line":88,"column":null}},"29":{"start":{"line":91,"column":4},"end":{"line":91,"column":null}},"30":{"start":{"line":99,"column":18},"end":{"line":99,"column":65}},"31":{"start":{"line":100,"column":4},"end":{"line":102,"column":null}},"32":{"start":{"line":101,"column":6},"end":{"line":101,"column":null}},"33":{"start":{"line":103,"column":4},"end":{"line":103,"column":null}},"34":{"start":{"line":104,"column":4},"end":{"line":104,"column":null}},"35":{"start":{"line":119,"column":4},"end":{"line":119,"column":null}},"36":{"start":{"line":120,"column":4},"end":{"line":120,"column":null}},"37":{"start":{"line":121,"column":4},"end":{"line":121,"column":null}},"38":{"start":{"line":135,"column":4},"end":{"line":135,"column":null}},"39":{"start":{"line":136,"column":4},"end":{"line":136,"column":null}},"40":{"start":{"line":137,"column":4},"end":{"line":137,"column":null}},"41":{"start":{"line":150,"column":4},"end":{"line":150,"column":null}},"42":{"start":{"line":151,"column":4},"end":{"line":151,"column":null}},"43":{"start":{"line":152,"column":4},"end":{"line":152,"column":null}},"44":{"start":{"line":165,"column":4},"end":{"line":165,"column":null}},"45":{"start":{"line":166,"column":4},"end":{"line":166,"column":null}},"46":{"start":{"line":167,"column":4},"end":{"line":167,"column":null}},"47":{"start":{"line":179,"column":4},"end":{"line":179,"column":null}},"48":{"start":{"line":180,"column":4},"end":{"line":180,"column":null}},"49":{"start":{"line":190,"column":4},"end":{"line":190,"column":null}},"50":{"start":{"line":191,"column":4},"end":{"line":191,"column":null}},"51":{"start":{"line":201,"column":4},"end":{"line":201,"column":null}},"52":{"start":{"line":202,"column":4},"end":{"line":202,"column":null}},"53":{"start":{"line":209,"column":4},"end":{"line":209,"column":null}},"54":{"start":{"line":216,"column":4},"end":{"line":216,"column":null}},"55":{"start":{"line":18,"column":13},"end":{"line":18,"column":29}},"56":{"start":{"line":20,"column":2},"end":{"line":20,"column":null}},"57":{"start":{"line":45,"column":2},"end":{"line":55,"column":null}},"58":{"start":{"line":61,"column":2},"end":{"line":75,"column":null}},"59":{"start":{"line":81,"column":2},"end":{"line":92,"column":null}},"60":{"start":{"line":98,"column":2},"end":{"line":105,"column":null}},"61":{"start":{"line":18,"column":13},"end":{"line":218,"column":null}}},"fnMap":{"0":{"name":"(anonymous_2)","decl":{"start":{"line":28,"column":2},"end":{"line":28,"column":18}},"loc":{"start":{"line":28,"column":33},"end":{"line":31,"column":3}}},"1":{"name":"(anonymous_3)","decl":{"start":{"line":36,"column":2},"end":{"line":36,"column":18}},"loc":{"start":{"line":36,"column":33},"end":{"line":39,"column":3}}},"2":{"name":"(anonymous_4)","decl":{"start":{"line":45,"column":2},"end":{"line":45,"column":20}},"loc":{"start":{"line":45,"column":35},"end":{"line":55,"column":3}}},"3":{"name":"(anonymous_5)","decl":{"start":{"line":61,"column":2},"end":{"line":61,"column":25}},"loc":{"start":{"line":61,"column":70},"end":{"line":75,"column":3}}},"4":{"name":"(anonymous_6)","decl":{"start":{"line":81,"column":2},"end":{"line":81,"column":27}},"loc":{"start":{"line":81,"column":72},"end":{"line":92,"column":3}}},"5":{"name":"(anonymous_7)","decl":{"start":{"line":98,"column":2},"end":{"line":98,"column":22}},"loc":{"start":{"line":98,"column":37},"end":{"line":105,"column":3}}},"6":{"name":"(anonymous_8)","decl":{"start":{"line":100,"column":18},"end":{"line":100,"column":19}},"loc":{"start":{"line":100,"column":27},"end":{"line":102,"column":5}}},"7":{"name":"(anonymous_9)","decl":{"start":{"line":110,"column":2},"end":{"line":110,"column":23}},"loc":{"start":{"line":118,"column":3},"end":{"line":122,"column":3}}},"8":{"name":"(anonymous_10)","decl":{"start":{"line":127,"column":2},"end":{"line":127,"column":25}},"loc":{"start":{"line":134,"column":3},"end":{"line":138,"column":3}}},"9":{"name":"(anonymous_11)","decl":{"start":{"line":143,"column":2},"end":{"line":143,"column":26}},"loc":{"start":{"line":149,"column":3},"end":{"line":153,"column":3}}},"10":{"name":"(anonymous_12)","decl":{"start":{"line":158,"column":2},"end":{"line":158,"column":27}},"loc":{"start":{"line":164,"column":3},"end":{"line":168,"column":3}}},"11":{"name":"(anonymous_13)","decl":{"start":{"line":173,"column":2},"end":{"line":173,"column":26}},"loc":{"start":{"line":178,"column":3},"end":{"line":181,"column":3}}},"12":{"name":"(anonymous_14)","decl":{"start":{"line":186,"column":2},"end":{"line":186,"column":26}},"loc":{"start":{"line":189,"column":3},"end":{"line":192,"column":3}}},"13":{"name":"(anonymous_15)","decl":{"start":{"line":197,"column":2},"end":{"line":197,"column":26}},"loc":{"start":{"line":200,"column":3},"end":{"line":203,"column":3}}},"14":{"name":"(anonymous_16)","decl":{"start":{"line":208,"column":2},"end":{"line":208,"column":16}},"loc":{"start":{"line":208,"column":16},"end":{"line":210,"column":3}}},"15":{"name":"(anonymous_17)","decl":{"start":{"line":215,"column":2},"end":{"line":215,"column":20}},"loc":{"start":{"line":215,"column":33},"end":{"line":217,"column":3}}}},"branchMap":{"0":{"loc":{"start":{"line":51,"column":4},"end":{"line":53,"column":5}},"type":"if","locations":[{"start":{"line":51,"column":4},"end":{"line":53,"column":5}},{"start":{},"end":{}}]},"1":{"loc":{"start":{"line":62,"column":4},"end":{"line":64,"column":5}},"type":"if","locations":[{"start":{"line":62,"column":4},"end":{"line":64,"column":5}},{"start":{},"end":{}}]},"2":{"loc":{"start":{"line":71,"column":4},"end":{"line":73,"column":5}},"type":"if","locations":[{"start":{"line":71,"column":4},"end":{"line":73,"column":5}},{"start":{},"end":{}}]},"3":{"loc":{"start":{"line":82,"column":4},"end":{"line":84,"column":5}},"type":"if","locations":[{"start":{"line":82,"column":4},"end":{"line":84,"column":5}},{"start":{},"end":{}}]},"4":{"loc":{"start":{"line":99,"column":18},"end":{"line":99,"column":65}},"type":"binary-expr","locations":[{"start":{"line":99,"column":18},"end":{"line":99,"column":52}},{"start":{"line":99,"column":56},"end":{"line":99,"column":65}}]},"5":{"loc":{"start":{"line":216,"column":11},"end":{"line":216,"column":65}},"type":"binary-expr","locations":[{"start":{"line":216,"column":11},"end":{"line":216,"column":60}},{"start":{"line":216,"column":64},"end":{"line":216,"column":65}}]},"6":{"loc":{"start":{"line":20,"column":10},"end":{"line":20,"column":null}},"type":"cond-expr","locations":[{"start":{"line":20,"column":16},"end":{"line":20,"column":null}},{"start":{"line":20,"column":16},"end":{"line":20,"column":null}}]},"7":{"loc":{"start":{"line":20,"column":10},"end":{"line":20,"column":16}},"type":"binary-expr","locations":[{"start":{"line":20,"column":10},"end":{"line":20,"column":null}},{"start":{"line":20,"column":10},"end":{"line":20,"column":16}}]},"8":{"loc":{"start":{"line":45,"column":29},"end":{"line":45,"column":null}},"type":"cond-expr","locations":[{"start":{"line":45,"column":35},"end":{"line":45,"column":null}},{"start":{"line":45,"column":35},"end":{"line":45,"column":null}}]},"9":{"loc":{"start":{"line":45,"column":29},"end":{"line":45,"column":35}},"type":"binary-expr","locations":[{"start":{"line":45,"column":29},"end":{"line":45,"column":null}},{"start":{"line":45,"column":29},"end":{"line":45,"column":35}}]},"10":{"loc":{"start":{"line":61,"column":34},"end":{"line":61,"column":42}},"type":"cond-expr","locations":[{"start":{"line":61,"column":40},"end":{"line":61,"column":42}},{"start":{"line":61,"column":40},"end":{"line":61,"column":42}}]},"11":{"loc":{"start":{"line":61,"column":34},"end":{"line":61,"column":40}},"type":"binary-expr","locations":[{"start":{"line":61,"column":34},"end":{"line":61,"column":42}},{"start":{"line":61,"column":34},"end":{"line":61,"column":40}}]},"12":{"loc":{"start":{"line":81,"column":36},"end":{"line":81,"column":44}},"type":"cond-expr","locations":[{"start":{"line":81,"column":42},"end":{"line":81,"column":44}},{"start":{"line":81,"column":42},"end":{"line":81,"column":44}}]},"13":{"loc":{"start":{"line":81,"column":36},"end":{"line":81,"column":42}},"type":"binary-expr","locations":[{"start":{"line":81,"column":36},"end":{"line":81,"column":44}},{"start":{"line":81,"column":36},"end":{"line":81,"column":42}}]},"14":{"loc":{"start":{"line":98,"column":31},"end":{"line":98,"column":null}},"type":"cond-expr","locations":[{"start":{"line":98,"column":37},"end":{"line":98,"column":null}},{"start":{"line":98,"column":37},"end":{"line":98,"column":null}}]},"15":{"loc":{"start":{"line":98,"column":31},"end":{"line":98,"column":37}},"type":"binary-expr","locations":[{"start":{"line":98,"column":31},"end":{"line":98,"column":null}},{"start":{"line":98,"column":31},"end":{"line":98,"column":37}}]}},"s":{"0":4,"1":4,"2":4,"3":4,"4":18,"5":18,"6":1,"7":1,"8":1,"9":1,"10":2,"11":2,"12":2,"13":2,"14":2,"15":2,"16":3,"17":1,"18":2,"19":2,"20":2,"21":2,"22":1,"23":2,"24":1,"25":0,"26":1,"27":1,"28":1,"29":1,"30":1,"31":1,"32":2,"33":1,"34":1,"35":1,"36":1,"37":1,"38":1,"39":1,"40":1,"41":1,"42":1,"43":1,"44":1,"45":1,"46":1,"47":1,"48":1,"49":1,"50":1,"51":1,"52":1,"53":1,"54":3,"55":4,"56":4,"57":4,"58":4,"59":4,"60":4,"61":4},"f":{"0":1,"1":1,"2":2,"3":3,"4":1,"5":1,"6":2,"7":1,"8":1,"9":1,"10":1,"11":1,"12":1,"13":1,"14":1,"15":3},"b":{"0":[2,0],"1":[1,2],"2":[1,1],"3":[0,1],"4":[1,0],"5":[3,1],"6":[4,0],"7":[4,4],"8":[4,0],"9":[4,4],"10":[4,0],"11":[4,4],"12":[4,0],"13":[4,4],"14":[4,0],"15":[4,4]}}
,"D:\\Workspace\\vigil\\backend\\src\\modules\\websocket\\websocket.module.ts": {"path":"D:\\Workspace\\vigil\\backend\\src\\modules\\websocket\\websocket.module.ts","statementMap":{"0":{"start":{"line":1,"column":0},"end":{"line":1,"column":39}},"1":{"start":{"line":2,"column":0},"end":{"line":2,"column":54}},"2":{"start":{"line":8,"column":7},"end":{"line":8,"column":null}},"3":{"start":{"line":8,"column":13},"end":{"line":8,"column":28}},"4":{"start":{"line":8,"column":13},"end":{"line":8,"column":null}}},"fnMap":{},"branchMap":{},"s":{"0":0,"1":0,"2":0,"3":0,"4":0},"f":{},"b":{}}
}
