TN:
SF:src\app.controller.ts
FN:6,(anonymous_2)
FN:9,(anonymous_3)
FNF:2
FNH:2
FNDA:1,(anonymous_2)
FNDA:1,(anonymous_3)
DA:1,1
DA:2,1
DA:5,1
DA:6,1
DA:9,1
DA:10,1
LF:6
LH:6
BRDA:6,0,0,1
BRDA:6,0,1,0
BRDA:6,1,0,1
BRDA:6,1,1,1
BRF:4
BRH:3
end_of_record
TN:
SF:src\app.module.ts
FN:27,(anonymous_2)
FN:38,(anonymous_3)
FNF:2
FNH:0
FNDA:0,(anonymous_2)
FNDA:0,(anonymous_3)
DA:1,0
DA:2,0
DA:3,0
DA:4,0
DA:5,0
DA:6,0
DA:7,0
DA:8,0
DA:9,0
DA:10,0
DA:11,0
DA:12,0
DA:13,0
DA:14,0
DA:15,0
DA:16,0
DA:28,0
DA:29,0
DA:30,0
DA:32,0
DA:38,0
DA:51,0
LF:22
LH:0
BRDA:29,0,0,0
BRDA:29,0,1,0
BRF:2
BRH:0
end_of_record
TN:
SF:src\app.service.ts
FN:5,(anonymous_1)
FNF:1
FNH:1
FNDA:1,(anonymous_1)
DA:1,1
DA:4,1
DA:6,1
LF:3
LH:3
BRF:0
BRH:0
end_of_record
TN:
SF:src\main.ts
FN:6,bootstrap
FNF:1
FNH:0
FNDA:0,bootstrap
DA:1,0
DA:2,0
DA:3,0
DA:4,0
DA:7,0
DA:9,0
DA:10,0
DA:12,0
DA:20,0
DA:22,0
DA:23,0
DA:25,0
LF:12
LH:0
BRDA:10,0,0,0
BRDA:10,0,1,0
BRF:2
BRH:0
end_of_record
TN:
SF:src\config\app.config.ts
FN:3,(anonymous_0)
FNF:1
FNH:0
FNDA:0,(anonymous_0)
DA:1,0
DA:3,0
LF:2
LH:0
BRDA:4,0,0,0
BRDA:4,0,1,0
BRDA:5,1,0,0
BRDA:5,1,1,0
BRF:4
BRH:0
end_of_record
TN:
SF:src\config\bull.config.ts
FN:4,getBullRootConfig
FN:15,getHealthCheckQueueConfig
FNF:2
FNH:0
FNDA:0,getBullRootConfig
FNDA:0,getHealthCheckQueueConfig
DA:4,0
DA:7,0
DA:15,0
DA:16,0
LF:4
LH:0
BRF:0
BRH:0
end_of_record
TN:
SF:src\config\database.config.ts
FN:4,(anonymous_0)
FNF:1
FNH:0
FNDA:0,(anonymous_0)
DA:1,0
DA:4,0
DA:5,0
LF:3
LH:0
BRDA:7,0,0,0
BRDA:7,0,1,0
BRDA:8,1,0,0
BRDA:8,1,1,0
BRDA:9,2,0,0
BRDA:9,2,1,0
BRDA:10,3,0,0
BRDA:10,3,1,0
BRDA:11,4,0,0
BRDA:11,4,1,0
BRF:10
BRH:0
end_of_record
TN:
SF:src\config\mail.config.ts
FN:8,getMailerConfig
FNF:1
FNH:0
FNDA:0,getMailerConfig
DA:1,0
DA:8,0
DA:9,0
DA:19,0
LF:4
LH:0
BRDA:10,0,0,0
BRDA:10,0,1,0
BRDA:11,1,0,0
BRDA:11,1,1,0
BRDA:21,2,0,0
BRDA:21,2,1,0
BRDA:21,3,0,0
BRDA:21,3,1,0
BRF:8
BRH:0
end_of_record
TN:
SF:src\config\notification.config.ts
FN:3,(anonymous_0)
FNF:1
FNH:0
FNDA:0,(anonymous_0)
DA:1,0
DA:3,0
LF:2
LH:0
BRDA:5,0,0,0
BRDA:5,0,1,0
BRDA:6,1,0,0
BRDA:6,1,1,0
BRF:4
BRH:0
end_of_record
TN:
SF:src\config\redis.config.ts
FN:3,(anonymous_0)
FNF:1
FNH:0
FNDA:0,(anonymous_0)
DA:1,0
DA:3,0
DA:4,0
LF:3
LH:0
BRDA:5,0,0,0
BRDA:5,0,1,0
BRDA:6,1,0,0
BRDA:6,1,1,0
BRDA:7,2,0,0
BRDA:7,2,1,0
BRDA:8,3,0,0
BRDA:8,3,1,0
BRF:8
BRH:0
end_of_record
TN:
SF:src\database\migrations\1729596000000-AddEndpointIndices.ts
FN:17,(anonymous_0)
FN:22,(anonymous_1)
FN:33,(anonymous_2)
FN:43,(anonymous_3)
FN:53,(anonymous_4)
FN:63,(anonymous_5)
FN:73,(anonymous_6)
FN:85,(anonymous_7)
FN:87,(anonymous_8)
FN:88,(anonymous_9)
FN:89,(anonymous_10)
FN:90,(anonymous_11)
FN:91,(anonymous_12)
FN:92,(anonymous_13)
FNF:14
FNH:0
FNDA:0,(anonymous_0)
FNDA:0,(anonymous_1)
FNDA:0,(anonymous_2)
FNDA:0,(anonymous_3)
FNDA:0,(anonymous_4)
FNDA:0,(anonymous_5)
FNDA:0,(anonymous_6)
FNDA:0,(anonymous_7)
FNDA:0,(anonymous_8)
FNDA:0,(anonymous_9)
FNDA:0,(anonymous_10)
FNDA:0,(anonymous_11)
FNDA:0,(anonymous_12)
FNDA:0,(anonymous_13)
DA:1,0
DA:16,0
DA:18,0
DA:20,0
DA:22,0
DA:23,0
DA:33,0
DA:34,0
DA:43,0
DA:44,0
DA:53,0
DA:54,0
DA:63,0
DA:64,0
DA:73,0
DA:74,0
DA:87,0
DA:88,0
DA:89,0
DA:90,0
DA:91,0
DA:92,0
LF:22
LH:0
BRDA:20,0,0,0
BRDA:20,0,1,0
BRDA:22,1,0,0
BRDA:22,1,1,0
BRDA:22,2,0,0
BRDA:22,2,1,0
BRDA:33,3,0,0
BRDA:33,3,1,0
BRDA:43,4,0,0
BRDA:43,4,1,0
BRDA:53,5,0,0
BRDA:53,5,1,0
BRDA:63,6,0,0
BRDA:63,6,1,0
BRDA:73,7,0,0
BRDA:73,7,1,0
BRF:16
BRH:0
end_of_record
TN:
SF:src\modules\endpoint\endpoint.controller.ts
FN:23,(anonymous_4)
FN:33,(anonymous_5)
FN:43,(anonymous_6)
FN:54,(anonymous_7)
FN:65,(anonymous_8)
FN:80,(anonymous_9)
FN:96,(anonymous_10)
FNF:7
FNH:0
FNDA:0,(anonymous_4)
FNDA:0,(anonymous_5)
FNDA:0,(anonymous_6)
FNDA:0,(anonymous_7)
FNDA:0,(anonymous_8)
FNDA:0,(anonymous_9)
FNDA:0,(anonymous_10)
DA:1,0
DA:13,0
DA:15,0
DA:16,0
DA:17,0
DA:18,0
DA:22,0
DA:23,0
DA:33,0
DA:34,0
DA:43,0
DA:44,0
DA:54,0
DA:55,0
DA:65,0
DA:69,0
DA:80,0
DA:81,0
DA:82,0
DA:96,0
DA:99,0
LF:21
LH:0
BRDA:33,0,0,0
BRDA:33,0,1,0
BRDA:33,1,0,0
BRDA:33,1,1,0
BRDA:33,2,0,0
BRDA:33,2,1,0
BRDA:33,3,0,0
BRDA:33,3,1,0
BRDA:43,4,0,0
BRDA:43,4,1,0
BRDA:43,5,0,0
BRDA:43,5,1,0
BRDA:54,6,0,0
BRDA:54,6,1,0
BRDA:54,7,0,0
BRDA:54,7,1,0
BRDA:67,8,0,0
BRDA:67,8,1,0
BRDA:67,9,0,0
BRDA:67,9,1,0
BRDA:68,10,0,0
BRDA:68,10,1,0
BRDA:68,11,0,0
BRDA:68,11,1,0
BRDA:80,12,0,0
BRDA:80,12,1,0
BRDA:80,13,0,0
BRDA:80,13,1,0
BRDA:98,14,0,0
BRDA:98,14,1,0
BRDA:98,15,0,0
BRDA:98,15,1,0
BRDA:23,16,0,0
BRDA:23,16,1,0
BRDA:23,17,0,0
BRDA:23,17,1,0
BRF:36
BRH:0
end_of_record
TN:
SF:src\modules\endpoint\endpoint.entity.ts
FN:13,(anonymous_2)
FN:23,(anonymous_3)
FN:88,(anonymous_4)
FN:88,(anonymous_5)
FN:91,(anonymous_6)
FN:91,(anonymous_7)
FNF:6
FNH:2
FNDA:8,(anonymous_2)
FNDA:8,(anonymous_3)
FNDA:0,(anonymous_4)
FNDA:0,(anonymous_5)
FNDA:0,(anonymous_6)
FNDA:0,(anonymous_7)
DA:1,8
DA:10,8
DA:11,8
DA:13,8
DA:14,8
DA:15,8
DA:16,8
DA:17,8
DA:18,8
DA:19,8
DA:20,8
DA:23,8
DA:24,8
DA:25,8
DA:26,8
DA:27,8
DA:37,8
DA:39,8
DA:42,8
DA:45,8
DA:52,8
DA:55,8
DA:58,8
DA:61,8
DA:64,8
DA:67,8
DA:70,8
DA:77,8
DA:80,8
DA:83,8
DA:86,8
DA:88,0
DA:89,8
DA:91,0
DA:92,8
DA:95,8
DA:98,8
LF:37
LH:35
BRDA:13,0,0,8
BRDA:13,0,1,8
BRDA:23,1,0,8
BRDA:23,1,1,8
BRDA:55,2,0,0
BRDA:55,2,1,8
BRDA:55,3,0,8
BRDA:55,3,1,0
BRDA:95,4,0,8
BRDA:95,4,1,0
BRDA:95,5,0,8
BRDA:95,5,1,8
BRDA:98,6,0,8
BRDA:98,6,1,0
BRDA:98,7,0,8
BRDA:98,7,1,8
BRF:16
BRH:12
end_of_record
TN:
SF:src\modules\endpoint\endpoint.module.ts
FNF:0
FNH:0
DA:1,0
DA:2,0
DA:4,0
DA:5,0
DA:6,0
DA:7,0
DA:8,0
DA:9,0
DA:20,0
LF:9
LH:0
BRF:0
BRH:0
end_of_record
TN:
SF:src\modules\endpoint\endpoint.service.ts
FN:26,(anonymous_4)
FN:40,(anonymous_5)
FN:72,(anonymous_6)
FN:129,(anonymous_7)
FN:144,(anonymous_8)
FN:182,(anonymous_9)
FN:204,(anonymous_10)
FNF:7
FNH:7
FNDA:10,(anonymous_4)
FNDA:1,(anonymous_5)
FNDA:2,(anonymous_6)
FNDA:6,(anonymous_7)
FNDA:2,(anonymous_8)
FNDA:1,(anonymous_9)
FNDA:1,(anonymous_10)
DA:1,1
DA:7,1
DA:8,1
DA:10,1
DA:17,1
DA:18,1
DA:19,1
DA:20,1
DA:23,1
DA:24,10
DA:28,10
DA:30,10
DA:32,10
DA:33,10
DA:34,10
DA:41,1
DA:42,1
DA:48,1
DA:49,1
DA:52,1
DA:55,1
DA:62,1
DA:64,0
DA:65,0
DA:81,2
DA:84,2
DA:85,1
DA:91,2
DA:92,0
DA:98,2
DA:99,2
DA:102,2
DA:104,2
DA:105,2
DA:108,2
DA:113,2
DA:115,2
DA:130,6
DA:134,6
DA:135,1
DA:138,5
DA:145,2
DA:148,2
DA:150,2
DA:152,2
DA:153,2
DA:155,2
DA:156,1
DA:159,1
DA:162,2
DA:165,2
DA:176,2
DA:183,1
DA:186,1
DA:189,1
DA:190,1
DA:192,1
DA:195,1
DA:205,1
DA:206,1
LF:60
LH:57
BRDA:84,0,0,1
BRDA:84,0,1,1
BRDA:91,1,0,0
BRDA:91,1,1,2
BRDA:104,2,0,2
BRDA:104,2,1,0
BRDA:105,3,0,2
BRDA:105,3,1,0
BRDA:134,4,0,1
BRDA:134,4,1,5
BRDA:150,5,0,2
BRDA:150,5,1,1
BRDA:155,6,0,1
BRDA:155,6,1,1
BRDA:28,7,0,1
BRDA:28,7,1,0
BRDA:28,8,0,1
BRDA:28,8,1,1
BRDA:28,9,0,1
BRDA:28,9,1,0
BRDA:28,10,0,1
BRDA:28,10,1,1
BRDA:30,11,0,1
BRDA:30,11,1,0
BRDA:30,12,0,1
BRDA:30,12,1,1
BRDA:32,13,0,1
BRDA:32,13,1,0
BRDA:32,14,0,1
BRDA:32,14,1,1
BRDA:33,15,0,1
BRDA:33,15,1,0
BRDA:33,16,0,1
BRDA:33,16,1,1
BRF:34
BRH:26
end_of_record
TN:
SF:src\modules\endpoint\dto\create-endpoint.dto.ts
FNF:0
FNH:0
DA:1,0
DA:13,0
DA:15,0
DA:18,0
DA:22,0
DA:26,0
DA:30,0
DA:34,0
DA:39,0
DA:44,0
DA:49,0
LF:11
LH:0
BRDA:26,0,0,0
BRDA:26,0,1,0
BRDA:26,1,0,0
BRDA:26,1,1,0
BRDA:30,2,0,0
BRDA:30,2,1,0
BRDA:30,3,0,0
BRDA:30,3,1,0
BRDA:34,4,0,0
BRDA:34,4,1,0
BRDA:34,5,0,0
BRDA:34,5,1,0
BRF:12
BRH:0
end_of_record
TN:
SF:src\modules\endpoint\dto\endpoint-list-query.dto.ts
FN:5,(anonymous_2)
FN:12,(anonymous_3)
FN:19,(anonymous_4)
FN:25,(anonymous_5)
FN:36,(anonymous_6)
FNF:5
FNH:0
FNDA:0,(anonymous_2)
FNDA:0,(anonymous_3)
FNDA:0,(anonymous_4)
FNDA:0,(anonymous_5)
FNDA:0,(anonymous_6)
DA:1,0
DA:2,0
DA:3,0
DA:5,0
DA:6,0
DA:7,0
DA:8,0
DA:9,0
DA:12,0
DA:13,0
DA:14,0
DA:17,0
DA:19,0
DA:22,0
DA:25,0
DA:29,0
DA:33,0
DA:36,0
DA:38,0
DA:42,0
DA:46,0
LF:21
LH:0
BRDA:5,0,0,0
BRDA:5,0,1,0
BRDA:12,1,0,0
BRDA:12,1,1,0
BRDA:33,2,0,0
BRDA:33,2,1,0
BRDA:33,3,0,0
BRDA:33,3,1,0
BRF:8
BRH:0
end_of_record
TN:
SF:src\modules\endpoint\dto\index.ts
FNF:0
FNH:0
DA:1,0
DA:2,0
DA:3,0
LF:3
LH:0
BRF:0
BRH:0
end_of_record
TN:
SF:src\modules\endpoint\dto\update-endpoint.dto.ts
FNF:0
FNH:0
DA:1,0
DA:2,0
DA:4,0
LF:3
LH:0
BRF:0
BRH:0
end_of_record
TN:
SF:src\modules\health-check\check-result.entity.ts
FN:12,(anonymous_2)
FN:27,(anonymous_3)
FN:27,(anonymous_4)
FNF:3
FNH:1
FNDA:8,(anonymous_2)
FNDA:0,(anonymous_3)
FNDA:0,(anonymous_4)
DA:1,8
DA:10,8
DA:12,8
DA:13,8
DA:14,8
DA:19,8
DA:21,8
DA:25,8
DA:27,0
DA:31,8
DA:37,8
DA:40,8
DA:43,8
DA:46,8
DA:50,8
LF:15
LH:14
BRDA:12,0,0,8
BRDA:12,0,1,8
BRDA:31,1,0,4
BRDA:31,1,1,4
BRDA:31,2,0,8
BRDA:31,2,1,4
BRDA:50,3,0,8
BRDA:50,3,1,0
BRDA:50,4,0,8
BRDA:50,4,1,8
BRF:10
BRH:9
end_of_record
TN:
SF:src\modules\health-check\health-check.module.ts
FNF:0
FNH:0
DA:1,0
DA:2,0
DA:3,0
DA:4,0
DA:6,0
DA:7,0
DA:8,0
DA:9,0
DA:10,0
DA:11,0
DA:25,0
LF:11
LH:0
BRF:0
BRH:0
end_of_record
TN:
SF:src\modules\health-check\health-check.processor.ts
FN:25,(anonymous_4)
FN:38,(anonymous_5)
FN:120,(anonymous_6)
FN:130,(anonymous_7)
FN:168,(anonymous_8)
FN:196,(anonymous_9)
FN:224,(anonymous_10)
FN:256,(anonymous_11)
FN:320,(anonymous_12)
FN:328,(anonymous_13)
FNF:10
FNH:7
FNDA:8,(anonymous_4)
FNDA:8,(anonymous_5)
FNDA:6,(anonymous_6)
FNDA:0,(anonymous_7)
FNDA:4,(anonymous_8)
FNDA:6,(anonymous_9)
FNDA:6,(anonymous_10)
FNDA:6,(anonymous_11)
FNDA:0,(anonymous_12)
FNDA:0,(anonymous_13)
DA:1,1
DA:2,1
DA:4,1
DA:5,1
DA:6,1
DA:8,1
DA:9,1
DA:10,1
DA:11,1
DA:12,1
DA:22,1
DA:23,8
DA:27,8
DA:29,8
DA:31,8
DA:32,8
DA:33,8
DA:34,8
DA:38,1
DA:39,8
DA:41,8
DA:43,8
DA:47,8
DA:48,1
DA:51,7
DA:52,1
DA:53,1
DA:57,6
DA:60,6
DA:63,6
DA:73,6
DA:76,6
DA:79,6
DA:80,1
DA:92,6
DA:95,6
DA:96,1
DA:104,6
DA:108,6
DA:110,1
DA:113,1
DA:121,6
DA:123,6
DA:124,6
DA:130,0
DA:133,2
DA:135,2
DA:136,2
DA:137,2
DA:138,2
DA:139,2
DA:141,2
DA:142,2
DA:143,2
DA:145,0
DA:146,0
DA:149,2
DA:151,4
DA:153,4
DA:154,4
DA:155,4
DA:156,4
DA:157,4
DA:158,4
DA:159,4
DA:161,4
DA:169,4
DA:173,1
DA:175,3
DA:176,1
DA:178,2
DA:179,2
DA:181,0
DA:182,0
DA:184,0
DA:185,0
DA:187,0
DA:188,0
DA:190,0
DA:200,6
DA:202,6
DA:203,6
DA:204,6
DA:207,6
DA:208,2
DA:210,4
DA:213,6
DA:228,6
DA:230,4
DA:231,0
DA:234,4
DA:238,2
DA:240,2
DA:244,0
DA:247,2
DA:260,6
DA:263,6
DA:270,6
DA:272,0
DA:273,0
DA:274,0
DA:275,0
DA:276,0
DA:277,0
DA:279,0
DA:282,0
DA:290,0
DA:293,6
DA:295,0
DA:296,0
DA:300,0
DA:303,0
DA:311,0
DA:328,1
DA:329,0
LF:115
LH:88
BRDA:47,0,0,1
BRDA:47,0,1,7
BRDA:51,1,0,1
BRDA:51,1,1,6
BRDA:66,2,0,6
BRDA:66,2,1,6
BRDA:67,3,0,6
BRDA:67,3,1,4
BRDA:68,4,0,6
BRDA:68,4,1,2
BRDA:79,5,0,1
BRDA:79,5,1,5
BRDA:85,6,0,1
BRDA:85,6,1,1
BRDA:86,7,0,1
BRDA:86,7,1,1
BRDA:95,8,0,1
BRDA:95,8,1,5
BRDA:127,9,0,6
BRDA:127,9,1,0
BRDA:141,10,0,2
BRDA:141,10,1,0
BRDA:169,11,0,1
BRDA:169,11,1,3
BRDA:170,12,0,4
BRDA:170,12,1,3
BRDA:175,13,0,1
BRDA:175,13,1,2
BRDA:178,14,0,2
BRDA:178,14,1,0
BRDA:181,15,0,0
BRDA:181,15,1,0
BRDA:184,16,0,0
BRDA:184,16,1,0
BRDA:187,17,0,0
BRDA:187,17,1,0
BRDA:187,18,0,0
BRDA:187,18,1,0
BRDA:190,19,0,0
BRDA:190,19,1,0
BRDA:207,20,0,2
BRDA:207,20,1,4
BRDA:228,21,0,4
BRDA:228,21,1,2
BRDA:230,22,0,0
BRDA:230,22,1,4
BRDA:240,23,0,0
BRDA:240,23,1,2
BRDA:241,24,0,2
BRDA:241,24,1,2
BRDA:270,25,0,0
BRDA:270,25,1,6
BRDA:270,26,0,6
BRDA:270,26,1,0
BRDA:293,27,0,0
BRDA:293,27,1,6
BRDA:293,28,0,6
BRDA:293,28,1,6
BRDA:306,29,0,0
BRDA:306,29,1,0
BRDA:307,30,0,0
BRDA:307,30,1,0
BRDA:38,31,0,1
BRDA:38,31,1,0
BRDA:38,32,0,1
BRDA:38,32,1,1
BRDA:328,33,0,1
BRDA:328,33,1,0
BRDA:328,34,0,1
BRDA:328,34,1,1
BRDA:27,35,0,1
BRDA:27,35,1,0
BRDA:27,36,0,1
BRDA:27,36,1,1
BRDA:27,37,0,1
BRDA:27,37,1,0
BRDA:27,38,0,1
BRDA:27,38,1,1
BRDA:29,39,0,1
BRDA:29,39,1,0
BRDA:29,40,0,1
BRDA:29,40,1,1
BRDA:31,41,0,1
BRDA:31,41,1,0
BRDA:31,42,0,1
BRDA:31,42,1,1
BRDA:32,43,0,1
BRDA:32,43,1,0
BRDA:32,44,0,1
BRDA:32,44,1,1
BRDA:33,45,0,1
BRDA:33,45,1,0
BRDA:33,46,0,1
BRDA:33,46,1,1
BRF:94
BRH:64
end_of_record
TN:
SF:src\modules\health-check\health-check.service.ts
FN:14,(anonymous_4)
FN:26,(anonymous_5)
FN:77,(anonymous_6)
FN:102,(anonymous_7)
FN:135,(anonymous_8)
FN:149,(anonymous_9)
FN:152,(anonymous_10)
FNF:7
FNH:0
FNDA:0,(anonymous_4)
FNDA:0,(anonymous_5)
FNDA:0,(anonymous_6)
FNDA:0,(anonymous_7)
FNDA:0,(anonymous_8)
FNDA:0,(anonymous_9)
FNDA:0,(anonymous_10)
DA:1,1
DA:2,1
DA:4,1
DA:5,1
DA:7,1
DA:11,1
DA:12,0
DA:16,0
DA:18,0
DA:27,0
DA:28,0
DA:32,0
DA:49,0
DA:54,0
DA:62,0
DA:64,0
DA:67,0
DA:78,0
DA:80,0
DA:83,0
DA:85,0
DA:89,0
DA:92,0
DA:103,0
DA:105,0
DA:109,0
DA:110,0
DA:114,0
DA:115,0
DA:119,0
DA:121,0
DA:124,0
DA:136,0
DA:137,0
DA:146,0
DA:149,0
DA:150,0
DA:154,0
DA:159,0
DA:162,0
LF:40
LH:6
BRDA:110,0,0,0
BRDA:110,0,1,0
BRDA:111,1,0,0
BRDA:111,1,1,0
BRDA:18,2,0,1
BRDA:18,2,1,0
BRDA:18,3,0,1
BRDA:18,3,1,1
BRF:8
BRH:3
end_of_record
TN:
SF:src\modules\incident\incident.entity.ts
FN:22,(anonymous_2)
FN:22,(anonymous_3)
FNF:2
FNH:0
FNDA:0,(anonymous_2)
FNDA:0,(anonymous_3)
DA:1,8
DA:10,8
DA:14,8
DA:16,8
DA:20,8
DA:22,0
DA:26,8
DA:30,8
DA:34,8
DA:37,8
DA:40,8
DA:43,8
LF:12
LH:11
BRDA:26,0,0,2
BRDA:26,0,1,6
BRDA:26,1,0,8
BRDA:26,1,1,2
BRDA:30,2,0,8
BRDA:30,2,1,0
BRDA:30,3,0,8
BRDA:30,3,1,8
BRF:8
BRH:7
end_of_record
TN:
SF:src\modules\notification\notification-channel.entity.ts
FN:10,(anonymous_2)
FNF:1
FNH:1
FNDA:2,(anonymous_2)
DA:1,2
DA:10,2
DA:11,2
DA:12,2
DA:13,2
DA:14,2
DA:19,2
DA:21,2
DA:24,2
DA:31,2
DA:34,2
DA:38,2
DA:41,2
DA:44,2
LF:14
LH:14
BRDA:10,0,0,2
BRDA:10,0,1,2
BRDA:34,1,0,0
BRDA:34,1,1,2
BRDA:34,2,0,2
BRDA:34,2,1,0
BRDA:41,3,0,2
BRDA:41,3,1,0
BRDA:41,4,0,2
BRDA:41,4,1,2
BRDA:44,5,0,2
BRDA:44,5,1,0
BRDA:44,6,0,2
BRDA:44,6,1,2
BRF:14
BRH:10
end_of_record
TN:
SF:src\modules\notification\notification.controller.ts
FN:11,(anonymous_4)
FN:21,(anonymous_5)
FN:31,(anonymous_6)
FN:42,(anonymous_7)
FN:53,(anonymous_8)
FN:67,(anonymous_9)
FN:80,(anonymous_10)
FNF:7
FNH:0
FNDA:0,(anonymous_4)
FNDA:0,(anonymous_5)
FNDA:0,(anonymous_6)
FNDA:0,(anonymous_7)
FNDA:0,(anonymous_8)
FNDA:0,(anonymous_9)
FNDA:0,(anonymous_10)
DA:1,0
DA:2,0
DA:3,0
DA:4,0
DA:5,0
DA:6,0
DA:10,0
DA:11,0
DA:21,0
DA:22,0
DA:31,0
DA:32,0
DA:42,0
DA:43,0
DA:53,0
DA:57,0
DA:67,0
DA:68,0
DA:69,0
DA:80,0
DA:81,0
LF:21
LH:0
BRDA:21,0,0,0
BRDA:21,0,1,0
BRDA:21,1,0,0
BRDA:21,1,1,0
BRDA:31,2,0,0
BRDA:31,2,1,0
BRDA:31,3,0,0
BRDA:31,3,1,0
BRDA:55,4,0,0
BRDA:55,4,1,0
BRDA:55,5,0,0
BRDA:55,5,1,0
BRDA:11,6,0,0
BRDA:11,6,1,0
BRDA:11,7,0,0
BRDA:11,7,1,0
BRF:16
BRH:0
end_of_record
TN:
SF:src\modules\notification\notification.module.ts
FN:27,(anonymous_2)
FNF:1
FNH:0
FNDA:0,(anonymous_2)
DA:1,0
DA:2,0
DA:3,0
DA:5,0
DA:6,0
DA:7,0
DA:8,0
DA:9,0
DA:10,0
DA:26,0
DA:28,0
DA:29,0
DA:30,0
DA:33,0
DA:34,0
LF:15
LH:0
BRDA:28,0,0,0
BRDA:28,0,1,0
BRDA:28,1,0,0
BRDA:28,1,1,0
BRDA:28,2,0,0
BRDA:28,2,1,0
BRDA:28,3,0,0
BRDA:28,3,1,0
BRDA:29,4,0,0
BRDA:29,4,1,0
BRDA:29,5,0,0
BRDA:29,5,1,0
BRF:12
BRH:0
end_of_record
TN:
SF:src\modules\notification\dto\create-notification-channel.dto.ts
FNF:0
FNH:0
DA:1,0
DA:2,0
DA:4,0
DA:7,0
DA:11,0
DA:15,0
LF:6
LH:0
BRDA:11,0,0,0
BRDA:11,0,1,0
BRDA:11,1,0,0
BRDA:11,1,1,0
BRDA:15,2,0,0
BRDA:15,2,1,0
BRDA:15,3,0,0
BRDA:15,3,1,0
BRF:8
BRH:0
end_of_record
TN:
SF:src\modules\notification\dto\index.ts
FNF:0
FNH:0
DA:1,0
DA:2,0
DA:3,0
LF:3
LH:0
BRF:0
BRH:0
end_of_record
TN:
SF:src\modules\notification\dto\notification-channel-query.dto.ts
FN:5,(anonymous_2)
FN:11,(anonymous_3)
FN:20,(anonymous_4)
FN:27,(anonymous_5)
FN:36,(anonymous_6)
FNF:5
FNH:0
FNDA:0,(anonymous_2)
FNDA:0,(anonymous_3)
FNDA:0,(anonymous_4)
FNDA:0,(anonymous_5)
FNDA:0,(anonymous_6)
DA:1,0
DA:2,0
DA:3,0
DA:5,0
DA:6,0
DA:7,0
DA:8,0
DA:11,0
DA:12,0
DA:13,0
DA:16,0
DA:20,0
DA:21,0
DA:27,0
DA:28,0
DA:32,0
DA:36,0
DA:37,0
DA:41,0
DA:45,0
LF:20
LH:0
BRDA:5,0,0,0
BRDA:5,0,1,0
BRDA:11,1,0,0
BRDA:11,1,1,0
BRDA:20,2,0,0
BRDA:20,2,1,0
BRDA:27,3,0,0
BRDA:27,3,1,0
BRDA:32,4,0,0
BRDA:32,4,1,0
BRDA:32,5,0,0
BRDA:32,5,1,0
BRDA:36,6,0,0
BRDA:36,6,1,0
BRF:14
BRH:0
end_of_record
TN:
SF:src\modules\notification\dto\update-notification-channel.dto.ts
FNF:0
FNH:0
DA:1,0
DA:2,0
DA:4,0
LF:3
LH:0
BRF:0
BRH:0
end_of_record
TN:
SF:src\modules\notification\services\duplicate-prevention.service.ts
FN:15,(anonymous_2)
FN:17,(anonymous_3)
FN:23,(anonymous_4)
FN:42,(anonymous_5)
FN:58,(anonymous_6)
FN:66,(anonymous_7)
FN:74,(anonymous_8)
FNF:7
FNH:0
FNDA:0,(anonymous_2)
FNDA:0,(anonymous_3)
FNDA:0,(anonymous_4)
FNDA:0,(anonymous_5)
FNDA:0,(anonymous_6)
FNDA:0,(anonymous_7)
FNDA:0,(anonymous_8)
DA:1,2
DA:10,2
DA:11,0
DA:12,0
DA:13,0
DA:17,0
DA:24,0
DA:25,0
DA:27,0
DA:28,0
DA:29,0
DA:30,0
DA:34,0
DA:35,0
DA:43,0
DA:44,0
DA:46,0
DA:47,0
DA:48,0
DA:49,0
DA:52,0
DA:59,0
DA:60,0
DA:67,0
DA:68,0
DA:75,0
DA:76,0
DA:77,0
LF:28
LH:2
BRDA:28,0,0,0
BRDA:28,0,1,0
BRDA:34,1,0,0
BRDA:34,1,1,0
BRDA:44,2,0,0
BRDA:44,2,1,0
BRDA:47,3,0,0
BRDA:47,3,1,0
BRF:8
BRH:0
end_of_record
TN:
SF:src\modules\notification\services\notification.service.ts
FN:16,(anonymous_4)
FN:27,(anonymous_5)
FN:35,(anonymous_6)
FN:45,(anonymous_7)
FN:80,(anonymous_8)
FN:91,(anonymous_9)
FN:105,(anonymous_10)
FN:115,(anonymous_11)
FN:148,(anonymous_12)
FN:188,(anonymous_13)
FNF:10
FNH:10
FNDA:20,(anonymous_4)
FNDA:40,(anonymous_5)
FNDA:1,(anonymous_6)
FNDA:3,(anonymous_7)
FNDA:9,(anonymous_8)
FNDA:2,(anonymous_9)
FNDA:2,(anonymous_10)
FNDA:3,(anonymous_11)
FNDA:8,(anonymous_12)
FNDA:6,(anonymous_13)
DA:1,2
DA:2,2
DA:3,2
DA:4,2
DA:9,2
DA:12,2
DA:13,20
DA:18,20
DA:19,20
DA:21,20
DA:28,40
DA:29,40
DA:36,1
DA:37,1
DA:38,1
DA:39,1
DA:46,3
DA:48,3
DA:49,1
DA:52,3
DA:53,1
DA:56,3
DA:58,3
DA:59,3
DA:60,3
DA:61,3
DA:66,3
DA:81,9
DA:82,9
DA:83,3
DA:85,6
DA:95,2
DA:96,1
DA:97,1
DA:98,1
DA:99,1
DA:106,2
DA:107,1
DA:108,1
DA:109,1
DA:116,3
DA:117,3
DA:119,3
DA:120,1
DA:123,2
DA:124,2
DA:131,1
DA:132,1
DA:134,1
DA:135,1
DA:155,8
DA:159,7
DA:162,7
DA:165,6
DA:169,6
DA:170,1
DA:171,1
DA:175,5
DA:176,6
DA:194,6
DA:197,6
DA:198,1
DA:199,1
DA:202,5
DA:203,5
DA:204,0
DA:205,0
DA:208,5
DA:209,5
DA:221,5
DA:223,5
DA:227,0
LF:72
LH:69
BRDA:48,0,0,1
BRDA:48,0,1,2
BRDA:52,1,0,1
BRDA:52,1,1,2
BRDA:56,2,0,3
BRDA:56,2,1,2
BRDA:56,3,0,3
BRDA:56,3,1,2
BRDA:59,4,0,3
BRDA:59,4,1,0
BRDA:60,5,0,3
BRDA:60,5,1,0
BRDA:82,6,0,3
BRDA:82,6,1,6
BRDA:119,7,0,1
BRDA:119,7,1,2
BRDA:155,8,0,1
BRDA:155,8,1,7
BRDA:159,9,0,7
BRDA:159,9,1,6
BRDA:159,9,2,2
BRDA:159,9,3,1
BRDA:162,10,0,1
BRDA:162,10,1,6
BRDA:169,11,0,1
BRDA:169,11,1,5
BRDA:197,12,0,1
BRDA:197,12,1,5
BRDA:203,13,0,0
BRDA:203,13,1,5
BRDA:18,14,0,2
BRDA:18,14,1,0
BRDA:18,15,0,2
BRDA:18,15,1,2
BRDA:18,16,0,2
BRDA:18,16,1,0
BRDA:18,17,0,2
BRDA:18,17,1,2
BRF:38
BRH:33
end_of_record
TN:
SF:src\modules\notification\strategies\email.strategy.ts
FN:12,(anonymous_3)
FN:16,(anonymous_4)
FN:30,(anonymous_5)
FN:55,(anonymous_6)
FN:60,(anonymous_7)
FN:194,(anonymous_8)
FN:202,(anonymous_9)
FNF:7
FNH:0
FNDA:0,(anonymous_3)
FNDA:0,(anonymous_4)
FNDA:0,(anonymous_5)
FNDA:0,(anonymous_6)
FNDA:0,(anonymous_7)
FNDA:0,(anonymous_8)
FNDA:0,(anonymous_9)
DA:1,0
DA:2,0
DA:3,0
DA:7,0
DA:8,0
DA:12,0
DA:13,0
DA:17,0
DA:27,0
DA:31,0
DA:33,0
DA:34,0
DA:37,0
DA:38,0
DA:40,0
DA:41,0
DA:48,0
DA:50,0
DA:51,0
DA:56,0
DA:57,0
DA:61,0
DA:62,0
DA:64,0
DA:195,0
DA:202,0
LF:26
LH:0
BRDA:33,0,0,0
BRDA:33,0,1,0
BRDA:33,1,0,0
BRDA:33,1,1,0
BRDA:56,2,0,0
BRDA:56,2,1,0
BRDA:61,3,0,0
BRDA:61,3,1,0
BRDA:62,4,0,0
BRDA:62,4,1,0
BRDA:146,5,0,0
BRDA:146,5,1,0
BRDA:153,6,0,0
BRDA:153,6,1,0
BRDA:160,7,0,0
BRDA:160,7,1,0
BRDA:167,8,0,0
BRDA:167,8,1,0
BRDA:174,9,0,0
BRDA:174,9,1,0
BRDA:12,10,0,0
BRDA:12,10,1,0
BRDA:12,11,0,0
BRDA:12,11,1,0
BRF:24
BRH:0
end_of_record
TN:
SF:src\modules\notification\strategies\index.ts
FNF:0
FNH:0
DA:1,0
LF:1
LH:0
BRF:0
BRH:0
end_of_record
TN:
SF:src\modules\notification\strategies\slack.strategy.ts
FN:10,(anonymous_2)
FN:12,(anonymous_3)
FN:37,(anonymous_4)
FN:133,(anonymous_5)
FNF:4
FNH:0
FNDA:0,(anonymous_2)
FNDA:0,(anonymous_3)
FNDA:0,(anonymous_4)
FNDA:0,(anonymous_5)
DA:1,0
DA:2,0
DA:4,0
DA:7,0
DA:8,0
DA:10,0
DA:13,0
DA:15,0
DA:16,0
DA:19,0
DA:21,0
DA:22,0
DA:26,0
DA:27,0
DA:30,0
DA:32,0
DA:33,0
DA:42,0
DA:43,0
DA:44,0
DA:46,0
DA:69,0
DA:70,0
DA:80,0
DA:81,0
DA:82,0
DA:84,0
DA:85,0
DA:87,0
DA:88,0
DA:90,0
DA:91,0
DA:94,0
DA:95,0
DA:104,0
DA:112,0
DA:123,0
DA:124,0
DA:127,0
DA:134,0
DA:135,0
DA:137,0
LF:42
LH:0
BRDA:15,0,0,0
BRDA:15,0,1,0
BRDA:26,1,0,0
BRDA:26,1,1,0
BRDA:30,2,0,0
BRDA:30,2,1,0
BRDA:43,3,0,0
BRDA:43,3,1,0
BRDA:44,4,0,0
BRDA:44,4,1,0
BRDA:69,5,0,0
BRDA:69,5,1,0
BRDA:81,6,0,0
BRDA:81,6,1,0
BRDA:84,7,0,0
BRDA:84,7,1,0
BRDA:87,8,0,0
BRDA:87,8,1,0
BRDA:90,9,0,0
BRDA:90,9,1,0
BRDA:94,10,0,0
BRDA:94,10,1,0
BRDA:113,11,0,0
BRDA:113,11,1,0
BRDA:123,12,0,0
BRDA:123,12,1,0
BRDA:134,13,0,0
BRDA:134,13,1,0
BRDA:10,14,0,0
BRDA:10,14,1,0
BRDA:10,15,0,0
BRDA:10,15,1,0
BRF:32
BRH:0
end_of_record
TN:
SF:src\modules\statistics\statistics.controller.ts
FN:18,(anonymous_4)
FN:24,(anonymous_5)
FN:35,(anonymous_6)
FN:46,(anonymous_7)
FN:54,(anonymous_8)
FN:62,(anonymous_9)
FN:70,(anonymous_10)
FNF:7
FNH:7
FNDA:13,(anonymous_4)
FNDA:3,(anonymous_5)
FNDA:2,(anonymous_6)
FNDA:2,(anonymous_7)
FNDA:4,(anonymous_8)
FNDA:3,(anonymous_9)
FNDA:3,(anonymous_10)
DA:1,1
DA:9,1
DA:10,1
DA:11,1
DA:12,1
DA:13,1
DA:17,1
DA:18,13
DA:24,1
DA:28,3
DA:35,1
DA:39,2
DA:46,1
DA:47,2
DA:54,1
DA:55,4
DA:62,1
DA:63,3
DA:70,1
DA:71,3
LF:20
LH:20
BRDA:26,0,0,1
BRDA:26,0,1,0
BRDA:26,1,0,1
BRDA:26,1,1,1
BRDA:37,2,0,1
BRDA:37,2,1,0
BRDA:37,3,0,1
BRDA:37,3,1,1
BRDA:54,4,0,1
BRDA:54,4,1,0
BRDA:54,5,0,1
BRDA:54,5,1,1
BRDA:18,6,0,1
BRDA:18,6,1,0
BRDA:18,7,0,1
BRDA:18,7,1,1
BRF:16
BRH:12
end_of_record
TN:
SF:src\modules\statistics\statistics.module.ts
FNF:0
FNH:0
DA:1,0
DA:2,0
DA:3,0
DA:4,0
DA:5,0
DA:6,0
DA:7,0
DA:8,0
DA:9,0
DA:10,0
DA:11,0
DA:25,0
LF:12
LH:0
BRF:0
BRH:0
end_of_record
TN:
SF:src\modules\statistics\dto\comparison-response.dto.ts
FNF:0
FNH:0
DA:1,0
DA:11,0
LF:2
LH:0
BRF:0
BRH:0
end_of_record
TN:
SF:src\modules\statistics\dto\incident-query.dto.ts
FN:3,(anonymous_2)
FNF:1
FNH:1
FNDA:4,(anonymous_2)
DA:1,4
DA:3,4
DA:4,4
DA:5,4
DA:8,4
DA:11,4
DA:16,4
DA:22,4
DA:25,4
DA:36,4
DA:46,4
DA:54,4
LF:12
LH:12
BRDA:3,0,0,4
BRDA:3,0,1,4
BRF:2
BRH:2
end_of_record
TN:
SF:src\modules\statistics\dto\overview-response.dto.ts
FNF:0
FNH:0
DA:1,0
DA:8,0
LF:2
LH:0
BRF:0
BRH:0
end_of_record
TN:
SF:src\modules\statistics\dto\response-time-query.dto.ts
FN:3,(anonymous_2)
FNF:1
FNH:1
FNDA:3,(anonymous_2)
DA:1,3
DA:3,3
DA:4,3
DA:5,3
DA:6,3
DA:9,3
DA:12,3
DA:15,3
DA:24,3
DA:29,3
LF:10
LH:10
BRDA:3,0,0,3
BRDA:3,0,1,3
BRF:2
BRH:2
end_of_record
TN:
SF:src\modules\statistics\dto\uptime-query.dto.ts
FN:3,(anonymous_2)
FNF:1
FNH:1
FNDA:3,(anonymous_2)
DA:1,3
DA:3,3
DA:4,3
DA:5,3
DA:6,3
DA:7,3
DA:10,3
DA:13,3
DA:17,3
DA:21,3
DA:24,3
LF:11
LH:11
BRDA:3,0,0,3
BRDA:3,0,1,3
BRF:2
BRH:2
end_of_record
TN:
SF:src\modules\statistics\services\cache-manager.service.ts
FN:27,(anonymous_2)
FN:32,(anonymous_3)
FN:40,(anonymous_4)
FN:51,(anonymous_5)
FN:56,(anonymous_6)
FN:78,(anonymous_7)
FN:92,(anonymous_8)
FN:131,(anonymous_9)
FN:155,(anonymous_10)
FN:173,(anonymous_11)
FN:207,(anonymous_12)
FN:225,(anonymous_13)
FN:240,(anonymous_14)
FNF:13
FNH:9
FNDA:34,(anonymous_2)
FNDA:0,(anonymous_3)
FNDA:0,(anonymous_4)
FNDA:0,(anonymous_5)
FNDA:0,(anonymous_6)
FNDA:10,(anonymous_7)
FNDA:24,(anonymous_8)
FNDA:20,(anonymous_9)
FNDA:3,(anonymous_10)
FNDA:2,(anonymous_11)
FNDA:11,(anonymous_12)
FNDA:1,(anonymous_13)
FNDA:1,(anonymous_14)
DA:1,4
DA:2,4
DA:3,4
DA:17,4
DA:18,34
DA:19,34
DA:21,34
DA:22,34
DA:25,34
DA:27,34
DA:33,0
DA:34,0
DA:36,0
DA:41,0
DA:42,0
DA:44,0
DA:51,0
DA:52,0
DA:53,0
DA:56,0
DA:57,0
DA:58,0
DA:59,0
DA:62,0
DA:63,0
DA:64,0
DA:65,0
DA:67,0
DA:70,0
DA:71,0
DA:79,10
DA:80,0
DA:81,0
DA:82,0
DA:84,0
DA:93,24
DA:94,24
DA:95,0
DA:96,0
DA:97,0
DA:99,0
DA:100,0
DA:101,0
DA:102,0
DA:104,0
DA:105,0
DA:109,24
DA:110,24
DA:111,14
DA:114,10
DA:115,0
DA:116,0
DA:119,10
DA:120,10
DA:123,0
DA:124,0
DA:136,20
DA:137,20
DA:138,0
DA:139,0
DA:140,0
DA:143,20
DA:144,20
DA:145,20
DA:148,0
DA:156,3
DA:157,3
DA:158,0
DA:159,0
DA:162,3
DA:163,3
DA:166,0
DA:174,2
DA:175,2
DA:176,0
DA:177,0
DA:178,0
DA:179,0
DA:185,2
DA:186,2
DA:188,2
DA:189,7
DA:190,5
DA:191,5
DA:195,2
DA:200,0
DA:208,11
DA:209,11
DA:210,0
DA:211,0
DA:214,11
DA:215,11
DA:218,0
DA:230,1
DA:241,1
LF:95
LH:43
BRDA:41,0,0,0
BRDA:41,0,1,0
BRDA:47,1,0,0
BRDA:47,1,1,0
BRDA:79,2,0,0
BRDA:79,2,1,10
BRDA:79,3,0,10
BRDA:79,3,1,0
BRDA:79,3,2,0
BRDA:94,4,0,0
BRDA:94,4,1,24
BRDA:94,5,0,24
BRDA:94,5,1,0
BRDA:94,5,2,0
BRDA:96,6,0,0
BRDA:96,6,1,0
BRDA:110,7,0,14
BRDA:110,7,1,10
BRDA:114,8,0,0
BRDA:114,8,1,10
BRDA:134,9,0,20
BRDA:137,10,0,0
BRDA:137,10,1,20
BRDA:137,11,0,20
BRDA:137,11,1,0
BRDA:137,11,2,0
BRDA:157,12,0,0
BRDA:157,12,1,3
BRDA:157,13,0,3
BRDA:157,13,1,0
BRDA:157,13,2,0
BRDA:175,14,0,0
BRDA:175,14,1,2
BRDA:175,15,0,2
BRDA:175,15,1,0
BRDA:175,15,2,0
BRDA:177,16,0,0
BRDA:177,16,1,0
BRDA:189,17,0,5
BRDA:189,17,1,2
BRDA:209,18,0,0
BRDA:209,18,1,11
BRDA:209,19,0,11
BRDA:209,19,1,0
BRDA:209,19,2,0
BRDA:231,20,0,0
BRDA:231,20,1,1
BRDA:232,21,0,0
BRDA:232,21,1,1
BRDA:233,22,0,0
BRDA:233,22,1,1
BRDA:241,23,0,0
BRDA:241,23,1,1
BRDA:27,24,0,4
BRDA:27,24,1,0
BRDA:27,25,0,4
BRDA:27,25,1,4
BRF:57
BRH:25
end_of_record
TN:
SF:src\modules\statistics\services\incident.service.ts
FN:17,(anonymous_4)
FN:27,(anonymous_5)
FN:50,(anonymous_6)
FN:72,(anonymous_7)
FN:110,(anonymous_8)
FNF:5
FNH:5
FNDA:29,(anonymous_4)
FNDA:2,(anonymous_5)
FNDA:1,(anonymous_6)
FNDA:3,(anonymous_7)
FNDA:1,(anonymous_8)
DA:1,4
DA:2,4
DA:3,4
DA:4,4
DA:10,4
DA:11,4
DA:14,4
DA:15,29
DA:19,29
DA:21,29
DA:28,2
DA:29,2
DA:31,2
DA:35,2
DA:36,1
DA:37,1
DA:38,0
DA:41,2
DA:43,2
DA:44,2
DA:49,2
DA:50,1
DA:73,3
DA:79,3
DA:80,2
DA:84,1
DA:98,1
DA:110,1
LF:28
LH:27
BRDA:28,0,0,2
BRDA:28,0,1,0
BRDA:29,1,0,2
BRDA:29,1,1,0
BRDA:35,2,0,1
BRDA:35,2,1,1
BRDA:37,3,0,0
BRDA:37,3,1,1
BRDA:62,4,0,2
BRDA:62,4,1,0
BRDA:63,5,0,2
BRDA:63,5,1,0
BRDA:64,6,0,2
BRDA:64,6,1,0
BRDA:79,7,0,2
BRDA:79,7,1,1
BRDA:93,8,0,1
BRDA:93,8,1,0
BRDA:19,9,0,4
BRDA:19,9,1,0
BRDA:19,10,0,4
BRDA:19,10,1,4
BRDA:19,11,0,4
BRDA:19,11,1,0
BRDA:19,12,0,4
BRDA:19,12,1,4
BRF:26
BRH:17
end_of_record
TN:
SF:src\modules\statistics\services\response-time-analyzer.service.ts
FN:17,(anonymous_4)
FN:22,(anonymous_5)
FN:66,(anonymous_6)
FN:83,(anonymous_7)
FN:112,(anonymous_8)
FN:130,(anonymous_9)
FN:138,(anonymous_10)
FNF:7
FNH:7
FNDA:12,(anonymous_4)
FNDA:2,(anonymous_5)
FNDA:2,(anonymous_6)
FNDA:2,(anonymous_7)
FNDA:2,(anonymous_8)
FNDA:2,(anonymous_9)
FNDA:2,(anonymous_10)
DA:1,3
DA:2,3
DA:3,3
DA:4,3
DA:11,3
DA:14,3
DA:15,12
DA:19,12
DA:26,2
DA:29,2
DA:36,2
DA:43,2
DA:49,2
DA:58,2
DA:71,2
DA:89,2
DA:109,2
DA:118,2
DA:130,2
DA:142,2
DA:145,2
DA:147,2
DA:148,2
DA:150,0
DA:151,0
DA:153,0
DA:154,0
DA:156,0
DA:159,2
LF:29
LH:24
BRDA:50,0,0,1
BRDA:50,0,1,1
BRDA:51,1,0,1
BRDA:51,1,1,1
BRDA:52,2,0,1
BRDA:52,2,1,1
BRDA:53,3,0,1
BRDA:53,3,1,1
BRDA:54,4,0,1
BRDA:54,4,1,1
BRDA:55,5,0,1
BRDA:55,5,1,1
BRDA:60,6,0,2
BRDA:60,6,1,0
BRDA:132,7,0,2
BRDA:132,7,1,0
BRDA:145,8,0,2
BRDA:145,8,1,0
BRDA:145,8,2,0
BRDA:145,8,3,0
BRDA:19,9,0,3
BRDA:19,9,1,0
BRDA:19,10,0,3
BRDA:19,10,1,3
BRF:24
BRH:18
end_of_record
TN:
SF:src\modules\statistics\services\statistics.service.ts
FN:37,(anonymous_4)
FN:53,(anonymous_5)
FN:70,(anonymous_6)
FN:89,(anonymous_7)
FN:128,(anonymous_8)
FN:135,(anonymous_9)
FN:142,(anonymous_10)
FN:151,(anonymous_11)
FN:158,(anonymous_12)
FN:159,(anonymous_13)
FN:174,(anonymous_14)
FN:181,(anonymous_15)
FN:196,(anonymous_16)
FN:206,(anonymous_17)
FN:225,(anonymous_18)
FN:234,(anonymous_19)
FN:245,(anonymous_20)
FN:258,(anonymous_21)
FN:292,(anonymous_22)
FN:311,(anonymous_23)
FN:325,(anonymous_24)
FNF:21
FNH:7
FNDA:9,(anonymous_4)
FNDA:1,(anonymous_5)
FNDA:1,(anonymous_6)
FNDA:2,(anonymous_7)
FNDA:1,(anonymous_8)
FNDA:1,(anonymous_9)
FNDA:2,(anonymous_10)
FNDA:0,(anonymous_11)
FNDA:0,(anonymous_12)
FNDA:0,(anonymous_13)
FNDA:0,(anonymous_14)
FNDA:0,(anonymous_15)
FNDA:0,(anonymous_16)
FNDA:0,(anonymous_17)
FNDA:0,(anonymous_18)
FNDA:0,(anonymous_19)
FNDA:0,(anonymous_20)
FNDA:0,(anonymous_21)
FNDA:0,(anonymous_22)
FNDA:0,(anonymous_23)
FNDA:0,(anonymous_24)
DA:1,2
DA:2,2
DA:3,2
DA:25,2
DA:26,2
DA:27,2
DA:28,2
DA:29,2
DA:30,2
DA:31,2
DA:34,2
DA:35,9
DA:39,9
DA:41,9
DA:43,9
DA:44,9
DA:45,9
DA:46,9
DA:47,9
DA:57,1
DA:58,1
DA:59,1
DA:61,1
DA:62,1
DA:64,1
DA:74,1
DA:75,1
DA:78,1
DA:80,1
DA:81,1
DA:83,1
DA:90,2
DA:91,2
DA:92,2
DA:102,0
DA:111,0
DA:121,0
DA:122,0
DA:129,1
DA:136,1
DA:143,2
DA:144,2
DA:147,2
DA:149,0
DA:150,0
DA:152,0
DA:157,0
DA:158,0
DA:159,0
DA:161,0
DA:166,0
DA:168,0
DA:175,0
DA:182,0
DA:189,0
DA:196,0
DA:197,0
DA:200,0
DA:207,0
DA:209,0
DA:218,0
DA:219,0
DA:226,0
DA:235,0
DA:237,0
DA:246,0
DA:252,0
DA:261,0
DA:268,0
DA:269,0
DA:274,0
DA:278,0
DA:293,0
DA:295,0
DA:305,0
DA:312,0
DA:319,0
DA:328,0
DA:330,0
LF:79
LH:39
BRDA:59,0,0,0
BRDA:59,0,1,1
BRDA:78,1,0,0
BRDA:78,1,1,1
BRDA:92,2,0,2
BRDA:92,2,1,0
BRDA:147,3,0,2
BRDA:147,3,1,0
BRDA:218,4,0,0
BRDA:218,4,1,0
BRDA:252,5,0,0
BRDA:252,5,1,0
BRDA:305,6,0,0
BRDA:305,6,1,0
BRDA:319,7,0,0
BRDA:319,7,1,0
BRDA:39,8,0,2
BRDA:39,8,1,0
BRDA:39,9,0,2
BRDA:39,9,1,2
BRDA:39,10,0,2
BRDA:39,10,1,0
BRDA:39,11,0,2
BRDA:39,11,1,2
BRDA:41,12,0,2
BRDA:41,12,1,0
BRDA:41,13,0,2
BRDA:41,13,1,2
BRDA:43,14,0,2
BRDA:43,14,1,0
BRDA:43,15,0,2
BRDA:43,15,1,2
BRDA:44,16,0,2
BRDA:44,16,1,0
BRDA:44,17,0,2
BRDA:44,17,1,2
BRDA:45,18,0,2
BRDA:45,18,1,0
BRDA:45,19,0,2
BRDA:45,19,1,2
BRDA:46,20,0,2
BRDA:46,20,1,0
BRDA:46,21,0,2
BRDA:46,21,1,2
BRF:44
BRH:25
end_of_record
TN:
SF:src\modules\statistics\services\uptime-calculator.service.ts
FN:15,(anonymous_4)
FN:20,(anonymous_5)
FN:60,(anonymous_6)
FNF:3
FNH:3
FNDA:15,(anonymous_4)
FNDA:5,(anonymous_5)
FNDA:5,(anonymous_6)
DA:1,3
DA:2,3
DA:3,3
DA:4,3
DA:9,3
DA:12,3
DA:13,15
DA:17,15
DA:24,5
DA:27,5
DA:43,5
DA:44,5
DA:46,5
DA:48,5
DA:64,5
DA:67,5
DA:69,3
DA:70,3
DA:72,1
DA:73,1
DA:75,0
DA:76,0
DA:78,1
DA:79,1
DA:80,1
DA:81,1
DA:84,0
DA:86,0
DA:88,0
DA:91,4
LF:30
LH:25
BRDA:43,0,0,5
BRDA:43,0,1,1
BRDA:43,1,0,5
BRDA:43,1,1,0
BRDA:44,2,0,5
BRDA:44,2,1,1
BRDA:44,3,0,5
BRDA:44,3,1,0
BRDA:46,4,0,1
BRDA:46,4,1,4
BRDA:50,5,0,5
BRDA:50,5,1,0
BRDA:54,6,0,5
BRDA:54,6,1,1
BRDA:54,7,0,5
BRDA:54,7,1,0
BRDA:67,8,0,3
BRDA:67,8,1,1
BRDA:67,8,2,0
BRDA:67,8,3,1
BRDA:67,8,4,0
BRDA:78,9,0,1
BRDA:78,9,1,0
BRDA:80,10,0,1
BRDA:80,10,1,0
BRDA:17,11,0,3
BRDA:17,11,1,0
BRDA:17,12,0,3
BRDA:17,12,1,3
BRF:29
BRH:20
end_of_record
TN:
SF:src\modules\websocket\websocket.gateway.ts
FN:28,(anonymous_2)
FN:36,(anonymous_3)
FN:45,(anonymous_4)
FN:61,(anonymous_5)
FN:81,(anonymous_6)
FN:98,(anonymous_7)
FN:100,(anonymous_8)
FN:110,(anonymous_9)
FN:127,(anonymous_10)
FN:143,(anonymous_11)
FN:158,(anonymous_12)
FN:173,(anonymous_13)
FN:186,(anonymous_14)
FN:197,(anonymous_15)
FN:208,(anonymous_16)
FN:215,(anonymous_17)
FNF:16
FNH:0
FNDA:0,(anonymous_2)
FNDA:0,(anonymous_3)
FNDA:0,(anonymous_4)
FNDA:0,(anonymous_5)
FNDA:0,(anonymous_6)
FNDA:0,(anonymous_7)
FNDA:0,(anonymous_8)
FNDA:0,(anonymous_9)
FNDA:0,(anonymous_10)
FNDA:0,(anonymous_11)
FNDA:0,(anonymous_12)
FNDA:0,(anonymous_13)
FNDA:0,(anonymous_14)
FNDA:0,(anonymous_15)
FNDA:0,(anonymous_16)
FNDA:0,(anonymous_17)
DA:1,2
DA:8,2
DA:9,2
DA:18,2
DA:20,2
DA:22,0
DA:23,0
DA:29,0
DA:30,0
DA:37,0
DA:38,0
DA:45,2
DA:46,0
DA:47,0
DA:48,0
DA:51,0
DA:52,0
DA:54,0
DA:61,2
DA:62,0
DA:63,0
DA:66,0
DA:67,0
DA:68,0
DA:71,0
DA:72,0
DA:74,0
DA:81,2
DA:82,0
DA:83,0
DA:86,0
DA:87,0
DA:88,0
DA:91,0
DA:98,2
DA:99,0
DA:100,0
DA:101,0
DA:103,0
DA:104,0
DA:119,0
DA:120,0
DA:121,0
DA:135,0
DA:136,0
DA:137,0
DA:150,0
DA:151,0
DA:152,0
DA:165,0
DA:166,0
DA:167,0
DA:179,0
DA:180,0
DA:190,0
DA:191,0
DA:201,0
DA:202,0
DA:209,0
DA:216,0
LF:60
LH:9
BRDA:51,0,0,0
BRDA:51,0,1,0
BRDA:62,1,0,0
BRDA:62,1,1,0
BRDA:71,2,0,0
BRDA:71,2,1,0
BRDA:82,3,0,0
BRDA:82,3,1,0
BRDA:99,4,0,0
BRDA:99,4,1,0
BRDA:216,5,0,0
BRDA:216,5,1,0
BRDA:20,6,0,2
BRDA:20,6,1,0
BRDA:20,7,0,2
BRDA:20,7,1,2
BRDA:45,8,0,2
BRDA:45,8,1,0
BRDA:45,9,0,2
BRDA:45,9,1,2
BRDA:61,10,0,2
BRDA:61,10,1,0
BRDA:61,11,0,2
BRDA:61,11,1,2
BRDA:81,12,0,2
BRDA:81,12,1,0
BRDA:81,13,0,2
BRDA:81,13,1,2
BRDA:98,14,0,2
BRDA:98,14,1,0
BRDA:98,15,0,2
BRDA:98,15,1,2
BRF:32
BRH:15
end_of_record
TN:
SF:src\modules\websocket\websocket.module.ts
FNF:0
FNH:0
DA:1,0
DA:2,0
DA:8,0
LF:3
LH:0
BRF:0
BRH:0
end_of_record
